Mar 01, 2017 2:20:17 PM org.apache.catalina.startup.VersionLoggerListener log
INFO: Server version:        Apache Tomcat/7.0.69
Mar 01, 2017 2:20:17 PM org.apache.catalina.startup.VersionLoggerListener log
INFO: Server built:          Apr 11 2016 07:57:09 UTC
Mar 01, 2017 2:20:17 PM org.apache.catalina.startup.VersionLoggerListener log
INFO: Server number:         7.0.69.0
Mar 01, 2017 2:20:17 PM org.apache.catalina.startup.VersionLoggerListener log
INFO: OS Name:               Windows 7
Mar 01, 2017 2:20:17 PM org.apache.catalina.startup.VersionLoggerListener log
INFO: OS Version:            6.1
Mar 01, 2017 2:20:17 PM org.apache.catalina.startup.VersionLoggerListener log
INFO: Architecture:          amd64
Mar 01, 2017 2:20:17 PM org.apache.catalina.startup.VersionLoggerListener log
INFO: Java Home:             C:\Program Files\Java\jdk1.7.0_79\jre
Mar 01, 2017 2:20:17 PM org.apache.catalina.startup.VersionLoggerListener log
INFO: JVM Version:           1.7.0_79-b15
Mar 01, 2017 2:20:17 PM org.apache.catalina.startup.VersionLoggerListener log
INFO: JVM Vendor:            Oracle Corporation
Mar 01, 2017 2:20:17 PM org.apache.catalina.startup.VersionLoggerListener log
INFO: CATALINA_BASE:         C:\Software\apache-tomcat-7.0.69
Mar 01, 2017 2:20:17 PM org.apache.catalina.startup.VersionLoggerListener log
INFO: CATALINA_HOME:         C:\Software\apache-tomcat-7.0.69
Mar 01, 2017 2:20:17 PM org.apache.catalina.startup.VersionLoggerListener log
INFO: Command line argument: -Djdk.tls.ephemeralDHKeySize=2048
Mar 01, 2017 2:20:17 PM org.apache.catalina.startup.VersionLoggerListener log
INFO: Command line argument: -Djava.util.logging.config.file=C:\Software\apache-tomcat-7.0.69\conf\logging.properties
Mar 01, 2017 2:20:17 PM org.apache.catalina.startup.VersionLoggerListener log
INFO: Command line argument: -Djava.util.logging.manager=org.apache.juli.ClassLoaderLogManager
Mar 01, 2017 2:20:17 PM org.apache.catalina.startup.VersionLoggerListener log
INFO: Command line argument: -Djava.endorsed.dirs=C:\Software\apache-tomcat-7.0.69\endorsed
Mar 01, 2017 2:20:17 PM org.apache.catalina.startup.VersionLoggerListener log
INFO: Command line argument: -Dcatalina.base=C:\Software\apache-tomcat-7.0.69
Mar 01, 2017 2:20:17 PM org.apache.catalina.startup.VersionLoggerListener log
INFO: Command line argument: -Dcatalina.home=C:\Software\apache-tomcat-7.0.69
Mar 01, 2017 2:20:17 PM org.apache.catalina.startup.VersionLoggerListener log
INFO: Command line argument: -Djava.io.tmpdir=C:\Software\apache-tomcat-7.0.69\temp
Mar 01, 2017 2:20:17 PM org.apache.catalina.core.AprLifecycleListener lifecycleEvent
INFO: Loaded APR based Apache Tomcat Native library 1.1.33 using APR version 1.5.1.
Mar 01, 2017 2:20:17 PM org.apache.catalina.core.AprLifecycleListener lifecycleEvent
INFO: APR capabilities: IPv6 [true], sendfile [true], accept filters [false], random [true].
Mar 01, 2017 2:20:19 PM org.apache.catalina.core.AprLifecycleListener initializeSSL
INFO: OpenSSL successfully initialized (OpenSSL 1.0.1m 19 Mar 2015)
Mar 01, 2017 2:20:23 PM org.apache.coyote.AbstractProtocol init
INFO: Initializing ProtocolHandler ["http-apr-8080"]
Mar 01, 2017 2:20:23 PM org.apache.coyote.AbstractProtocol init
INFO: Initializing ProtocolHandler ["ajp-apr-8009"]
Mar 01, 2017 2:20:23 PM org.apache.catalina.startup.Catalina load
INFO: Initialization processed in 10851 ms
Mar 01, 2017 2:20:23 PM org.apache.catalina.core.StandardService startInternal
INFO: Starting service Catalina
Mar 01, 2017 2:20:23 PM org.apache.catalina.core.StandardEngine startInternal
INFO: Starting Servlet Engine: Apache Tomcat/7.0.69
Mar 01, 2017 2:20:23 PM org.apache.catalina.startup.HostConfig deployDescriptor
INFO: Deploying configuration descriptor C:\Software\apache-tomcat-7.0.69\conf\Catalina\localhost\gerrit.xml
Mar 01, 2017 2:20:24 PM org.apache.catalina.core.StandardContext resourcesStart
SEVERE: Error starting static Resources
java.lang.IllegalArgumentException: Document base C:\Software\Geritt\Gerit2.7 does not exist or is not a readable directory
	at org.apache.naming.resources.FileDirContext.setDocBase(FileDirContext.java:136)
	at org.apache.catalina.core.StandardContext.resourcesStart(StandardContext.java:5197)
	at org.apache.catalina.core.StandardContext.startInternal(StandardContext.java:5386)
	at org.apache.catalina.util.LifecycleBase.start(LifecycleBase.java:147)
	at org.apache.catalina.core.ContainerBase.addChildInternal(ContainerBase.java:899)
	at org.apache.catalina.core.ContainerBase.addChild(ContainerBase.java:875)
	at org.apache.catalina.core.StandardHost.addChild(StandardHost.java:652)
	at org.apache.catalina.startup.HostConfig.deployDescriptor(HostConfig.java:679)
	at org.apache.catalina.startup.HostConfig$DeployDescriptor.run(HostConfig.java:1966)
	at java.util.concurrent.Executors$RunnableAdapter.call(Executors.java:471)
	at java.util.concurrent.FutureTask.run(FutureTask.java:262)
	at java.util.concurrent.ThreadPoolExecutor.runWorker(ThreadPoolExecutor.java:1145)
	at java.util.concurrent.ThreadPoolExecutor$Worker.run(ThreadPoolExecutor.java:615)
	at java.lang.Thread.run(Thread.java:745)

Mar 01, 2017 2:20:24 PM org.apache.catalina.core.ContainerBase addChildInternal
SEVERE: ContainerBase.addChild: start: 
org.apache.catalina.LifecycleException: Failed to start component [StandardEngine[Catalina].StandardHost[localhost].StandardContext[/gerrit]]
	at org.apache.catalina.util.LifecycleBase.start(LifecycleBase.java:153)
	at org.apache.catalina.core.ContainerBase.addChildInternal(ContainerBase.java:899)
	at org.apache.catalina.core.ContainerBase.addChild(ContainerBase.java:875)
	at org.apache.catalina.core.StandardHost.addChild(StandardHost.java:652)
	at org.apache.catalina.startup.HostConfig.deployDescriptor(HostConfig.java:679)
	at org.apache.catalina.startup.HostConfig$DeployDescriptor.run(HostConfig.java:1966)
	at java.util.concurrent.Executors$RunnableAdapter.call(Executors.java:471)
	at java.util.concurrent.FutureTask.run(FutureTask.java:262)
	at java.util.concurrent.ThreadPoolExecutor.runWorker(ThreadPoolExecutor.java:1145)
	at java.util.concurrent.ThreadPoolExecutor$Worker.run(ThreadPoolExecutor.java:615)
	at java.lang.Thread.run(Thread.java:745)
Caused by: org.apache.catalina.LifecycleException: Error in resourceStart()
	at org.apache.catalina.core.StandardContext.startInternal(StandardContext.java:5387)
	at org.apache.catalina.util.LifecycleBase.start(LifecycleBase.java:147)
	... 10 more

Mar 01, 2017 2:20:24 PM org.apache.catalina.startup.HostConfig deployDescriptor
SEVERE: Error deploying configuration descriptor C:\Software\apache-tomcat-7.0.69\conf\Catalina\localhost\gerrit.xml
java.lang.IllegalStateException: ContainerBase.addChild: start: org.apache.catalina.LifecycleException: Failed to start component [StandardEngine[Catalina].StandardHost[localhost].StandardContext[/gerrit]]
	at org.apache.catalina.core.ContainerBase.addChildInternal(ContainerBase.java:903)
	at org.apache.catalina.core.ContainerBase.addChild(ContainerBase.java:875)
	at org.apache.catalina.core.StandardHost.addChild(StandardHost.java:652)
	at org.apache.catalina.startup.HostConfig.deployDescriptor(HostConfig.java:679)
	at org.apache.catalina.startup.HostConfig$DeployDescriptor.run(HostConfig.java:1966)
	at java.util.concurrent.Executors$RunnableAdapter.call(Executors.java:471)
	at java.util.concurrent.FutureTask.run(FutureTask.java:262)
	at java.util.concurrent.ThreadPoolExecutor.runWorker(ThreadPoolExecutor.java:1145)
	at java.util.concurrent.ThreadPoolExecutor$Worker.run(ThreadPoolExecutor.java:615)
	at java.lang.Thread.run(Thread.java:745)

Mar 01, 2017 2:20:25 PM org.apache.catalina.startup.HostConfig deployDescriptor
INFO: Deployment of configuration descriptor C:\Software\apache-tomcat-7.0.69\conf\Catalina\localhost\gerrit.xml has finished in 822 ms
Mar 01, 2017 2:20:25 PM org.apache.catalina.startup.HostConfig deployDirectory
INFO: Deploying web application directory C:\Software\apache-tomcat-7.0.69\webapps\docs
Mar 01, 2017 2:20:30 PM org.apache.catalina.util.SessionIdGeneratorBase createSecureRandom
INFO: Creation of SecureRandom instance for session ID generation using [SHA1PRNG] took [1,535] milliseconds.
Mar 01, 2017 2:20:31 PM org.apache.catalina.startup.HostConfig deployDirectory
INFO: Deployment of web application directory C:\Software\apache-tomcat-7.0.69\webapps\docs has finished in 6,021 ms
Mar 01, 2017 2:20:31 PM org.apache.catalina.startup.HostConfig deployDirectory
INFO: Deploying web application directory C:\Software\apache-tomcat-7.0.69\webapps\examples
Mar 01, 2017 2:20:51 PM org.apache.catalina.startup.HostConfig deployDirectory
INFO: Deployment of web application directory C:\Software\apache-tomcat-7.0.69\webapps\examples has finished in 20,751 ms
Mar 01, 2017 2:20:51 PM org.apache.catalina.startup.HostConfig deployDirectory
INFO: Deploying web application directory C:\Software\apache-tomcat-7.0.69\webapps\host-manager
Mar 01, 2017 2:20:52 PM org.apache.catalina.startup.HostConfig deployDirectory
INFO: Deployment of web application directory C:\Software\apache-tomcat-7.0.69\webapps\host-manager has finished in 749 ms
Mar 01, 2017 2:20:52 PM org.apache.catalina.startup.HostConfig deployDirectory
INFO: Deploying web application directory C:\Software\apache-tomcat-7.0.69\webapps\manager
Mar 01, 2017 2:20:52 PM org.apache.catalina.startup.HostConfig deployDirectory
INFO: Deployment of web application directory C:\Software\apache-tomcat-7.0.69\webapps\manager has finished in 175 ms
Mar 01, 2017 2:20:52 PM org.apache.catalina.startup.HostConfig deployDirectory
INFO: Deploying web application directory C:\Software\apache-tomcat-7.0.69\webapps\mantisbt-1.3.3
Mar 01, 2017 2:20:52 PM org.apache.catalina.startup.HostConfig deployDirectory
INFO: Deployment of web application directory C:\Software\apache-tomcat-7.0.69\webapps\mantisbt-1.3.3 has finished in 131 ms
Mar 01, 2017 2:20:52 PM org.apache.catalina.startup.HostConfig deployDirectory
INFO: Deploying web application directory C:\Software\apache-tomcat-7.0.69\webapps\ROOT
Mar 01, 2017 2:20:53 PM org.apache.catalina.startup.HostConfig deployDirectory
INFO: Deployment of web application directory C:\Software\apache-tomcat-7.0.69\webapps\ROOT has finished in 86 ms
Mar 01, 2017 2:20:53 PM org.apache.coyote.AbstractProtocol start
INFO: Starting ProtocolHandler ["http-apr-8080"]
Mar 01, 2017 2:20:53 PM org.apache.coyote.AbstractProtocol start
INFO: Starting ProtocolHandler ["ajp-apr-8009"]
Mar 01, 2017 2:20:53 PM org.apache.catalina.startup.Catalina start
INFO: Server startup in 29535 ms
Mar 01, 2017 2:24:59 PM org.apache.coyote.AbstractProtocol pause
INFO: Pausing ProtocolHandler ["http-apr-8080"]
Mar 01, 2017 2:24:59 PM org.apache.coyote.AbstractProtocol pause
INFO: Pausing ProtocolHandler ["ajp-apr-8009"]
Mar 01, 2017 2:24:59 PM org.apache.catalina.core.StandardService stopInternal
INFO: Stopping service Catalina
Mar 01, 2017 2:25:00 PM org.apache.coyote.AbstractProtocol stop
INFO: Stopping ProtocolHandler ["http-apr-8080"]
Mar 01, 2017 2:25:00 PM org.apache.coyote.AbstractProtocol stop
INFO: Stopping ProtocolHandler ["ajp-apr-8009"]
Mar 01, 2017 2:25:00 PM org.apache.coyote.AbstractProtocol destroy
INFO: Destroying ProtocolHandler ["http-apr-8080"]
Mar 01, 2017 2:25:00 PM org.apache.coyote.AbstractProtocol destroy
INFO: Destroying ProtocolHandler ["ajp-apr-8009"]
Mar 01, 2017 2:25:00 PM org.apache.catalina.deploy.NamingResources cleanUp
WARNING: Failed to retrieve JNDI naming context for container [StandardEngine[Catalina].StandardHost[localhost].StandardContext[/gerrit]] so no cleanup was performed for that container
javax.naming.NamingException: No naming context bound to this class loader
	at org.apache.naming.ContextBindings.getClassLoader(ContextBindings.java:350)
	at org.apache.catalina.deploy.NamingResources.cleanUp(NamingResources.java:985)
	at org.apache.catalina.deploy.NamingResources.stopInternal(NamingResources.java:968)
	at org.apache.catalina.util.LifecycleBase.stop(LifecycleBase.java:224)
	at org.apache.catalina.core.StandardContext.stopInternal(StandardContext.java:5796)
	at org.apache.catalina.util.LifecycleBase.stop(LifecycleBase.java:224)
	at org.apache.catalina.util.LifecycleBase.destroy(LifecycleBase.java:263)
	at org.apache.catalina.core.ContainerBase.removeChild(ContainerBase.java:1038)
	at org.apache.catalina.core.ContainerBase.destroyInternal(ContainerBase.java:1231)
	at org.apache.catalina.util.LifecycleBase.destroy(LifecycleBase.java:297)
	at org.apache.catalina.core.ContainerBase.removeChild(ContainerBase.java:1038)
	at org.apache.catalina.core.ContainerBase.destroyInternal(ContainerBase.java:1231)
	at org.apache.catalina.util.LifecycleBase.destroy(LifecycleBase.java:297)
	at org.apache.catalina.core.StandardService.destroyInternal(StandardService.java:594)
	at org.apache.catalina.util.LifecycleBase.destroy(LifecycleBase.java:297)
	at org.apache.catalina.core.StandardServer.destroyInternal(StandardServer.java:846)
	at org.apache.catalina.util.LifecycleBase.destroy(LifecycleBase.java:297)
	at org.apache.catalina.startup.Catalina.stop(Catalina.java:767)
	at org.apache.catalina.startup.Catalina$CatalinaShutdownHook.run(Catalina.java:912)

Mar 01, 2017 2:28:54 PM org.apache.catalina.startup.VersionLoggerListener log
INFO: Server version:        Apache Tomcat/7.0.69
Mar 01, 2017 2:28:54 PM org.apache.catalina.startup.VersionLoggerListener log
INFO: Server built:          Apr 11 2016 07:57:09 UTC
Mar 01, 2017 2:28:54 PM org.apache.catalina.startup.VersionLoggerListener log
INFO: Server number:         7.0.69.0
Mar 01, 2017 2:28:54 PM org.apache.catalina.startup.VersionLoggerListener log
INFO: OS Name:               Windows 7
Mar 01, 2017 2:28:54 PM org.apache.catalina.startup.VersionLoggerListener log
INFO: OS Version:            6.1
Mar 01, 2017 2:28:54 PM org.apache.catalina.startup.VersionLoggerListener log
INFO: Architecture:          amd64
Mar 01, 2017 2:28:54 PM org.apache.catalina.startup.VersionLoggerListener log
INFO: Java Home:             C:\Program Files\Java\jdk1.7.0_79\jre
Mar 01, 2017 2:28:54 PM org.apache.catalina.startup.VersionLoggerListener log
INFO: JVM Version:           1.7.0_79-b15
Mar 01, 2017 2:28:54 PM org.apache.catalina.startup.VersionLoggerListener log
INFO: JVM Vendor:            Oracle Corporation
Mar 01, 2017 2:28:54 PM org.apache.catalina.startup.VersionLoggerListener log
INFO: CATALINA_BASE:         C:\Software\apache-tomcat-7.0.69
Mar 01, 2017 2:28:54 PM org.apache.catalina.startup.VersionLoggerListener log
INFO: CATALINA_HOME:         C:\Software\apache-tomcat-7.0.69
Mar 01, 2017 2:28:54 PM org.apache.catalina.startup.VersionLoggerListener log
INFO: Command line argument: -Djdk.tls.ephemeralDHKeySize=2048
Mar 01, 2017 2:28:54 PM org.apache.catalina.startup.VersionLoggerListener log
INFO: Command line argument: -Djava.util.logging.config.file=C:\Software\apache-tomcat-7.0.69\conf\logging.properties
Mar 01, 2017 2:28:54 PM org.apache.catalina.startup.VersionLoggerListener log
INFO: Command line argument: -Djava.util.logging.manager=org.apache.juli.ClassLoaderLogManager
Mar 01, 2017 2:28:54 PM org.apache.catalina.startup.VersionLoggerListener log
INFO: Command line argument: -Djava.endorsed.dirs=C:\Software\apache-tomcat-7.0.69\endorsed
Mar 01, 2017 2:28:54 PM org.apache.catalina.startup.VersionLoggerListener log
INFO: Command line argument: -Dcatalina.base=C:\Software\apache-tomcat-7.0.69
Mar 01, 2017 2:28:54 PM org.apache.catalina.startup.VersionLoggerListener log
INFO: Command line argument: -Dcatalina.home=C:\Software\apache-tomcat-7.0.69
Mar 01, 2017 2:28:54 PM org.apache.catalina.startup.VersionLoggerListener log
INFO: Command line argument: -Djava.io.tmpdir=C:\Software\apache-tomcat-7.0.69\temp
Mar 01, 2017 2:28:54 PM org.apache.catalina.core.AprLifecycleListener lifecycleEvent
INFO: Loaded APR based Apache Tomcat Native library 1.1.33 using APR version 1.5.1.
Mar 01, 2017 2:28:54 PM org.apache.catalina.core.AprLifecycleListener lifecycleEvent
INFO: APR capabilities: IPv6 [true], sendfile [true], accept filters [false], random [true].
Mar 01, 2017 2:28:55 PM org.apache.catalina.core.AprLifecycleListener initializeSSL
INFO: OpenSSL successfully initialized (OpenSSL 1.0.1m 19 Mar 2015)
Mar 01, 2017 2:28:56 PM org.apache.coyote.AbstractProtocol init
INFO: Initializing ProtocolHandler ["http-apr-8080"]
Mar 01, 2017 2:28:56 PM org.apache.coyote.AbstractProtocol init
INFO: Initializing ProtocolHandler ["ajp-apr-8009"]
Mar 01, 2017 2:28:56 PM org.apache.catalina.startup.Catalina load
INFO: Initialization processed in 2283 ms
Mar 01, 2017 2:28:56 PM org.apache.catalina.core.StandardService startInternal
INFO: Starting service Catalina
Mar 01, 2017 2:28:56 PM org.apache.catalina.core.StandardEngine startInternal
INFO: Starting Servlet Engine: Apache Tomcat/7.0.69
Mar 01, 2017 2:28:56 PM org.apache.catalina.startup.HostConfig deployDescriptor
INFO: Deploying configuration descriptor C:\Software\apache-tomcat-7.0.69\conf\Catalina\localhost\gerrit.xml
Mar 01, 2017 2:28:56 PM org.apache.catalina.core.StandardContext resourcesStart
SEVERE: Error starting static Resources
java.lang.IllegalArgumentException: Document base C:\Software\Geritt\Gerit2.7 does not exist or is not a readable directory
	at org.apache.naming.resources.FileDirContext.setDocBase(FileDirContext.java:136)
	at org.apache.catalina.core.StandardContext.resourcesStart(StandardContext.java:5197)
	at org.apache.catalina.core.StandardContext.startInternal(StandardContext.java:5386)
	at org.apache.catalina.util.LifecycleBase.start(LifecycleBase.java:147)
	at org.apache.catalina.core.ContainerBase.addChildInternal(ContainerBase.java:899)
	at org.apache.catalina.core.ContainerBase.addChild(ContainerBase.java:875)
	at org.apache.catalina.core.StandardHost.addChild(StandardHost.java:652)
	at org.apache.catalina.startup.HostConfig.deployDescriptor(HostConfig.java:679)
	at org.apache.catalina.startup.HostConfig$DeployDescriptor.run(HostConfig.java:1966)
	at java.util.concurrent.Executors$RunnableAdapter.call(Executors.java:471)
	at java.util.concurrent.FutureTask.run(FutureTask.java:262)
	at java.util.concurrent.ThreadPoolExecutor.runWorker(ThreadPoolExecutor.java:1145)
	at java.util.concurrent.ThreadPoolExecutor$Worker.run(ThreadPoolExecutor.java:615)
	at java.lang.Thread.run(Thread.java:745)

Mar 01, 2017 2:28:56 PM org.apache.catalina.core.ContainerBase addChildInternal
SEVERE: ContainerBase.addChild: start: 
org.apache.catalina.LifecycleException: Failed to start component [StandardEngine[Catalina].StandardHost[localhost].StandardContext[/gerrit]]
	at org.apache.catalina.util.LifecycleBase.start(LifecycleBase.java:153)
	at org.apache.catalina.core.ContainerBase.addChildInternal(ContainerBase.java:899)
	at org.apache.catalina.core.ContainerBase.addChild(ContainerBase.java:875)
	at org.apache.catalina.core.StandardHost.addChild(StandardHost.java:652)
	at org.apache.catalina.startup.HostConfig.deployDescriptor(HostConfig.java:679)
	at org.apache.catalina.startup.HostConfig$DeployDescriptor.run(HostConfig.java:1966)
	at java.util.concurrent.Executors$RunnableAdapter.call(Executors.java:471)
	at java.util.concurrent.FutureTask.run(FutureTask.java:262)
	at java.util.concurrent.ThreadPoolExecutor.runWorker(ThreadPoolExecutor.java:1145)
	at java.util.concurrent.ThreadPoolExecutor$Worker.run(ThreadPoolExecutor.java:615)
	at java.lang.Thread.run(Thread.java:745)
Caused by: org.apache.catalina.LifecycleException: Error in resourceStart()
	at org.apache.catalina.core.StandardContext.startInternal(StandardContext.java:5387)
	at org.apache.catalina.util.LifecycleBase.start(LifecycleBase.java:147)
	... 10 more

Mar 01, 2017 2:28:56 PM org.apache.catalina.startup.HostConfig deployDescriptor
SEVERE: Error deploying configuration descriptor C:\Software\apache-tomcat-7.0.69\conf\Catalina\localhost\gerrit.xml
java.lang.IllegalStateException: ContainerBase.addChild: start: org.apache.catalina.LifecycleException: Failed to start component [StandardEngine[Catalina].StandardHost[localhost].StandardContext[/gerrit]]
	at org.apache.catalina.core.ContainerBase.addChildInternal(ContainerBase.java:903)
	at org.apache.catalina.core.ContainerBase.addChild(ContainerBase.java:875)
	at org.apache.catalina.core.StandardHost.addChild(StandardHost.java:652)
	at org.apache.catalina.startup.HostConfig.deployDescriptor(HostConfig.java:679)
	at org.apache.catalina.startup.HostConfig$DeployDescriptor.run(HostConfig.java:1966)
	at java.util.concurrent.Executors$RunnableAdapter.call(Executors.java:471)
	at java.util.concurrent.FutureTask.run(FutureTask.java:262)
	at java.util.concurrent.ThreadPoolExecutor.runWorker(ThreadPoolExecutor.java:1145)
	at java.util.concurrent.ThreadPoolExecutor$Worker.run(ThreadPoolExecutor.java:615)
	at java.lang.Thread.run(Thread.java:745)

Mar 01, 2017 2:28:56 PM org.apache.catalina.startup.HostConfig deployDescriptor
INFO: Deployment of configuration descriptor C:\Software\apache-tomcat-7.0.69\conf\Catalina\localhost\gerrit.xml has finished in 178 ms
Mar 01, 2017 2:28:56 PM org.apache.catalina.startup.HostConfig deployDirectory
INFO: Deploying web application directory C:\Software\apache-tomcat-7.0.69\webapps\docs
Mar 01, 2017 2:28:58 PM org.apache.catalina.util.SessionIdGeneratorBase createSecureRandom
INFO: Creation of SecureRandom instance for session ID generation using [SHA1PRNG] took [948] milliseconds.
Mar 01, 2017 2:28:58 PM org.apache.catalina.startup.HostConfig deployDirectory
INFO: Deployment of web application directory C:\Software\apache-tomcat-7.0.69\webapps\docs has finished in 1,588 ms
Mar 01, 2017 2:28:58 PM org.apache.catalina.startup.HostConfig deployDirectory
INFO: Deploying web application directory C:\Software\apache-tomcat-7.0.69\webapps\examples
Mar 01, 2017 2:28:58 PM org.apache.catalina.startup.HostConfig deployDirectory
INFO: Deployment of web application directory C:\Software\apache-tomcat-7.0.69\webapps\examples has finished in 624 ms
Mar 01, 2017 2:28:58 PM org.apache.catalina.startup.HostConfig deployDirectory
INFO: Deploying web application directory C:\Software\apache-tomcat-7.0.69\webapps\mantisbt-1.3.3
Mar 01, 2017 2:28:59 PM org.apache.catalina.startup.HostConfig deployDirectory
INFO: Deployment of web application directory C:\Software\apache-tomcat-7.0.69\webapps\mantisbt-1.3.3 has finished in 122 ms
Mar 01, 2017 2:28:59 PM org.apache.catalina.startup.HostConfig deployDirectory
INFO: Deploying web application directory C:\Software\apache-tomcat-7.0.69\webapps\ROOT
Mar 01, 2017 2:28:59 PM org.apache.catalina.startup.HostConfig deployDirectory
INFO: Deployment of web application directory C:\Software\apache-tomcat-7.0.69\webapps\ROOT has finished in 69 ms
Mar 01, 2017 2:28:59 PM org.apache.coyote.AbstractProtocol start
INFO: Starting ProtocolHandler ["http-apr-8080"]
Mar 01, 2017 2:28:59 PM org.apache.coyote.AbstractProtocol start
INFO: Starting ProtocolHandler ["ajp-apr-8009"]
Mar 01, 2017 2:28:59 PM org.apache.catalina.startup.Catalina start
INFO: Server startup in 2701 ms
Mar 01, 2017 2:30:17 PM org.apache.coyote.AbstractProtocol pause
INFO: Pausing ProtocolHandler ["http-apr-8080"]
Mar 01, 2017 2:30:17 PM org.apache.coyote.AbstractProtocol pause
INFO: Pausing ProtocolHandler ["ajp-apr-8009"]
Mar 01, 2017 2:30:18 PM org.apache.catalina.core.StandardService stopInternal
INFO: Stopping service Catalina
Mar 01, 2017 2:30:18 PM org.apache.coyote.AbstractProtocol stop
INFO: Stopping ProtocolHandler ["http-apr-8080"]
Mar 01, 2017 2:30:18 PM org.apache.coyote.AbstractProtocol stop
INFO: Stopping ProtocolHandler ["ajp-apr-8009"]
Mar 01, 2017 2:30:18 PM org.apache.coyote.AbstractProtocol destroy
INFO: Destroying ProtocolHandler ["http-apr-8080"]
Mar 01, 2017 2:30:18 PM org.apache.coyote.AbstractProtocol destroy
INFO: Destroying ProtocolHandler ["ajp-apr-8009"]
Mar 01, 2017 2:30:18 PM org.apache.catalina.deploy.NamingResources cleanUp
WARNING: Failed to retrieve JNDI naming context for container [StandardEngine[Catalina].StandardHost[localhost].StandardContext[/gerrit]] so no cleanup was performed for that container
javax.naming.NamingException: No naming context bound to this class loader
	at org.apache.naming.ContextBindings.getClassLoader(ContextBindings.java:350)
	at org.apache.catalina.deploy.NamingResources.cleanUp(NamingResources.java:985)
	at org.apache.catalina.deploy.NamingResources.stopInternal(NamingResources.java:968)
	at org.apache.catalina.util.LifecycleBase.stop(LifecycleBase.java:224)
	at org.apache.catalina.core.StandardContext.stopInternal(StandardContext.java:5796)
	at org.apache.catalina.util.LifecycleBase.stop(LifecycleBase.java:224)
	at org.apache.catalina.util.LifecycleBase.destroy(LifecycleBase.java:263)
	at org.apache.catalina.core.ContainerBase.removeChild(ContainerBase.java:1038)
	at org.apache.catalina.core.ContainerBase.destroyInternal(ContainerBase.java:1231)
	at org.apache.catalina.util.LifecycleBase.destroy(LifecycleBase.java:297)
	at org.apache.catalina.core.ContainerBase.removeChild(ContainerBase.java:1038)
	at org.apache.catalina.core.ContainerBase.destroyInternal(ContainerBase.java:1231)
	at org.apache.catalina.util.LifecycleBase.destroy(LifecycleBase.java:297)
	at org.apache.catalina.core.StandardService.destroyInternal(StandardService.java:594)
	at org.apache.catalina.util.LifecycleBase.destroy(LifecycleBase.java:297)
	at org.apache.catalina.core.StandardServer.destroyInternal(StandardServer.java:846)
	at org.apache.catalina.util.LifecycleBase.destroy(LifecycleBase.java:297)
	at org.apache.catalina.startup.Catalina.stop(Catalina.java:767)
	at org.apache.catalina.startup.Catalina$CatalinaShutdownHook.run(Catalina.java:912)

Mar 01, 2017 2:30:33 PM org.apache.catalina.startup.VersionLoggerListener log
INFO: Server version:        Apache Tomcat/7.0.69
Mar 01, 2017 2:30:33 PM org.apache.catalina.startup.VersionLoggerListener log
INFO: Server built:          Apr 11 2016 07:57:09 UTC
Mar 01, 2017 2:30:33 PM org.apache.catalina.startup.VersionLoggerListener log
INFO: Server number:         7.0.69.0
Mar 01, 2017 2:30:33 PM org.apache.catalina.startup.VersionLoggerListener log
INFO: OS Name:               Windows 7
Mar 01, 2017 2:30:33 PM org.apache.catalina.startup.VersionLoggerListener log
INFO: OS Version:            6.1
Mar 01, 2017 2:30:33 PM org.apache.catalina.startup.VersionLoggerListener log
INFO: Architecture:          amd64
Mar 01, 2017 2:30:33 PM org.apache.catalina.startup.VersionLoggerListener log
INFO: Java Home:             C:\Program Files\Java\jdk1.7.0_79\jre
Mar 01, 2017 2:30:33 PM org.apache.catalina.startup.VersionLoggerListener log
INFO: JVM Version:           1.7.0_79-b15
Mar 01, 2017 2:30:33 PM org.apache.catalina.startup.VersionLoggerListener log
INFO: JVM Vendor:            Oracle Corporation
Mar 01, 2017 2:30:33 PM org.apache.catalina.startup.VersionLoggerListener log
INFO: CATALINA_BASE:         C:\Software\apache-tomcat-7.0.69
Mar 01, 2017 2:30:33 PM org.apache.catalina.startup.VersionLoggerListener log
INFO: CATALINA_HOME:         C:\Software\apache-tomcat-7.0.69
Mar 01, 2017 2:30:33 PM org.apache.catalina.startup.VersionLoggerListener log
INFO: Command line argument: -Djdk.tls.ephemeralDHKeySize=2048
Mar 01, 2017 2:30:33 PM org.apache.catalina.startup.VersionLoggerListener log
INFO: Command line argument: -Djava.util.logging.config.file=C:\Software\apache-tomcat-7.0.69\conf\logging.properties
Mar 01, 2017 2:30:33 PM org.apache.catalina.startup.VersionLoggerListener log
INFO: Command line argument: -Djava.util.logging.manager=org.apache.juli.ClassLoaderLogManager
Mar 01, 2017 2:30:33 PM org.apache.catalina.startup.VersionLoggerListener log
INFO: Command line argument: -Djava.endorsed.dirs=C:\Software\apache-tomcat-7.0.69\endorsed
Mar 01, 2017 2:30:34 PM org.apache.catalina.startup.VersionLoggerListener log
INFO: Command line argument: -Dcatalina.base=C:\Software\apache-tomcat-7.0.69
Mar 01, 2017 2:30:34 PM org.apache.catalina.startup.VersionLoggerListener log
INFO: Command line argument: -Dcatalina.home=C:\Software\apache-tomcat-7.0.69
Mar 01, 2017 2:30:34 PM org.apache.catalina.startup.VersionLoggerListener log
INFO: Command line argument: -Djava.io.tmpdir=C:\Software\apache-tomcat-7.0.69\temp
Mar 01, 2017 2:30:34 PM org.apache.catalina.core.AprLifecycleListener lifecycleEvent
INFO: Loaded APR based Apache Tomcat Native library 1.1.33 using APR version 1.5.1.
Mar 01, 2017 2:30:34 PM org.apache.catalina.core.AprLifecycleListener lifecycleEvent
INFO: APR capabilities: IPv6 [true], sendfile [true], accept filters [false], random [true].
Mar 01, 2017 2:30:34 PM org.apache.catalina.core.AprLifecycleListener initializeSSL
INFO: OpenSSL successfully initialized (OpenSSL 1.0.1m 19 Mar 2015)
Mar 01, 2017 2:30:34 PM org.apache.coyote.AbstractProtocol init
INFO: Initializing ProtocolHandler ["http-apr-8080"]
Mar 01, 2017 2:30:34 PM org.apache.coyote.AbstractProtocol init
INFO: Initializing ProtocolHandler ["ajp-apr-8009"]
Mar 01, 2017 2:30:34 PM org.apache.catalina.startup.Catalina load
INFO: Initialization processed in 1531 ms
Mar 01, 2017 2:30:35 PM org.apache.catalina.core.StandardService startInternal
INFO: Starting service Catalina
Mar 01, 2017 2:30:35 PM org.apache.catalina.core.StandardEngine startInternal
INFO: Starting Servlet Engine: Apache Tomcat/7.0.69
Mar 01, 2017 2:30:35 PM org.apache.catalina.startup.HostConfig deployDescriptor
INFO: Deploying configuration descriptor C:\Software\apache-tomcat-7.0.69\conf\Catalina\localhost\gerrit.xml
Mar 01, 2017 2:30:35 PM org.apache.catalina.core.StandardContext resourcesStart
SEVERE: Error starting static Resources
java.lang.IllegalArgumentException: Document base C:\Software\Geritt\Gerit2.7 does not exist or is not a readable directory
	at org.apache.naming.resources.FileDirContext.setDocBase(FileDirContext.java:136)
	at org.apache.catalina.core.StandardContext.resourcesStart(StandardContext.java:5197)
	at org.apache.catalina.core.StandardContext.startInternal(StandardContext.java:5386)
	at org.apache.catalina.util.LifecycleBase.start(LifecycleBase.java:147)
	at org.apache.catalina.core.ContainerBase.addChildInternal(ContainerBase.java:899)
	at org.apache.catalina.core.ContainerBase.addChild(ContainerBase.java:875)
	at org.apache.catalina.core.StandardHost.addChild(StandardHost.java:652)
	at org.apache.catalina.startup.HostConfig.deployDescriptor(HostConfig.java:679)
	at org.apache.catalina.startup.HostConfig$DeployDescriptor.run(HostConfig.java:1966)
	at java.util.concurrent.Executors$RunnableAdapter.call(Executors.java:471)
	at java.util.concurrent.FutureTask.run(FutureTask.java:262)
	at java.util.concurrent.ThreadPoolExecutor.runWorker(ThreadPoolExecutor.java:1145)
	at java.util.concurrent.ThreadPoolExecutor$Worker.run(ThreadPoolExecutor.java:615)
	at java.lang.Thread.run(Thread.java:745)

Mar 01, 2017 2:30:35 PM org.apache.catalina.core.ContainerBase addChildInternal
SEVERE: ContainerBase.addChild: start: 
org.apache.catalina.LifecycleException: Failed to start component [StandardEngine[Catalina].StandardHost[localhost].StandardContext[/gerrit]]
	at org.apache.catalina.util.LifecycleBase.start(LifecycleBase.java:153)
	at org.apache.catalina.core.ContainerBase.addChildInternal(ContainerBase.java:899)
	at org.apache.catalina.core.ContainerBase.addChild(ContainerBase.java:875)
	at org.apache.catalina.core.StandardHost.addChild(StandardHost.java:652)
	at org.apache.catalina.startup.HostConfig.deployDescriptor(HostConfig.java:679)
	at org.apache.catalina.startup.HostConfig$DeployDescriptor.run(HostConfig.java:1966)
	at java.util.concurrent.Executors$RunnableAdapter.call(Executors.java:471)
	at java.util.concurrent.FutureTask.run(FutureTask.java:262)
	at java.util.concurrent.ThreadPoolExecutor.runWorker(ThreadPoolExecutor.java:1145)
	at java.util.concurrent.ThreadPoolExecutor$Worker.run(ThreadPoolExecutor.java:615)
	at java.lang.Thread.run(Thread.java:745)
Caused by: org.apache.catalina.LifecycleException: Error in resourceStart()
	at org.apache.catalina.core.StandardContext.startInternal(StandardContext.java:5387)
	at org.apache.catalina.util.LifecycleBase.start(LifecycleBase.java:147)
	... 10 more

Mar 01, 2017 2:30:35 PM org.apache.catalina.startup.HostConfig deployDescriptor
SEVERE: Error deploying configuration descriptor C:\Software\apache-tomcat-7.0.69\conf\Catalina\localhost\gerrit.xml
java.lang.IllegalStateException: ContainerBase.addChild: start: org.apache.catalina.LifecycleException: Failed to start component [StandardEngine[Catalina].StandardHost[localhost].StandardContext[/gerrit]]
	at org.apache.catalina.core.ContainerBase.addChildInternal(ContainerBase.java:903)
	at org.apache.catalina.core.ContainerBase.addChild(ContainerBase.java:875)
	at org.apache.catalina.core.StandardHost.addChild(StandardHost.java:652)
	at org.apache.catalina.startup.HostConfig.deployDescriptor(HostConfig.java:679)
	at org.apache.catalina.startup.HostConfig$DeployDescriptor.run(HostConfig.java:1966)
	at java.util.concurrent.Executors$RunnableAdapter.call(Executors.java:471)
	at java.util.concurrent.FutureTask.run(FutureTask.java:262)
	at java.util.concurrent.ThreadPoolExecutor.runWorker(ThreadPoolExecutor.java:1145)
	at java.util.concurrent.ThreadPoolExecutor$Worker.run(ThreadPoolExecutor.java:615)
	at java.lang.Thread.run(Thread.java:745)

Mar 01, 2017 2:30:35 PM org.apache.catalina.startup.HostConfig deployDescriptor
INFO: Deployment of configuration descriptor C:\Software\apache-tomcat-7.0.69\conf\Catalina\localhost\gerrit.xml has finished in 139 ms
Mar 01, 2017 2:30:35 PM org.apache.catalina.startup.HostConfig deployDirectory
INFO: Deploying web application directory C:\Software\apache-tomcat-7.0.69\webapps\docs
Mar 01, 2017 2:30:36 PM org.apache.catalina.util.SessionIdGeneratorBase createSecureRandom
INFO: Creation of SecureRandom instance for session ID generation using [SHA1PRNG] took [900] milliseconds.
Mar 01, 2017 2:30:36 PM org.apache.catalina.startup.HostConfig deployDirectory
INFO: Deployment of web application directory C:\Software\apache-tomcat-7.0.69\webapps\docs has finished in 1,411 ms
Mar 01, 2017 2:30:36 PM org.apache.catalina.startup.HostConfig deployDirectory
INFO: Deploying web application directory C:\Software\apache-tomcat-7.0.69\webapps\examples
Mar 01, 2017 2:30:37 PM org.apache.catalina.startup.HostConfig deployDirectory
INFO: Deployment of web application directory C:\Software\apache-tomcat-7.0.69\webapps\examples has finished in 493 ms
Mar 01, 2017 2:30:37 PM org.apache.catalina.startup.HostConfig deployDirectory
INFO: Deploying web application directory C:\Software\apache-tomcat-7.0.69\webapps\mantis
Mar 01, 2017 2:30:37 PM org.apache.catalina.startup.HostConfig deployDirectory
INFO: Deployment of web application directory C:\Software\apache-tomcat-7.0.69\webapps\mantis has finished in 131 ms
Mar 01, 2017 2:30:37 PM org.apache.catalina.startup.HostConfig deployDirectory
INFO: Deploying web application directory C:\Software\apache-tomcat-7.0.69\webapps\ROOT
Mar 01, 2017 2:30:37 PM org.apache.catalina.startup.HostConfig deployDirectory
INFO: Deployment of web application directory C:\Software\apache-tomcat-7.0.69\webapps\ROOT has finished in 64 ms
Mar 01, 2017 2:30:37 PM org.apache.coyote.AbstractProtocol start
INFO: Starting ProtocolHandler ["http-apr-8080"]
Mar 01, 2017 2:30:37 PM org.apache.coyote.AbstractProtocol start
INFO: Starting ProtocolHandler ["ajp-apr-8009"]
Mar 01, 2017 2:30:37 PM org.apache.catalina.startup.Catalina start
INFO: Server startup in 2331 ms
Mar 01, 2017 2:31:57 PM org.apache.catalina.startup.HostConfig undeploy
INFO: Undeploying context [/gerrit]
Mar 01, 2017 2:31:57 PM org.apache.catalina.deploy.NamingResources cleanUp
WARNING: Failed to retrieve JNDI naming context for container [StandardEngine[Catalina].StandardHost[localhost].StandardContext[/gerrit]] so no cleanup was performed for that container
javax.naming.NameNotFoundException: Name [comp/env] is not bound in this Context. Unable to find [comp].
	at org.apache.naming.NamingContext.lookup(NamingContext.java:819)
	at org.apache.naming.NamingContext.lookup(NamingContext.java:167)
	at org.apache.catalina.deploy.NamingResources.cleanUp(NamingResources.java:986)
	at org.apache.catalina.deploy.NamingResources.stopInternal(NamingResources.java:968)
	at org.apache.catalina.util.LifecycleBase.stop(LifecycleBase.java:224)
	at org.apache.catalina.core.StandardContext.stopInternal(StandardContext.java:5796)
	at org.apache.catalina.util.LifecycleBase.stop(LifecycleBase.java:224)
	at org.apache.catalina.util.LifecycleBase.destroy(LifecycleBase.java:263)
	at org.apache.catalina.core.ContainerBase.removeChild(ContainerBase.java:1038)
	at org.apache.catalina.startup.HostConfig.undeploy(HostConfig.java:1562)
	at org.apache.catalina.startup.HostConfig.checkResources(HostConfig.java:1488)
	at org.apache.catalina.startup.HostConfig.check(HostConfig.java:1748)
	at org.apache.catalina.startup.HostConfig.lifecycleEvent(HostConfig.java:333)
	at org.apache.catalina.util.LifecycleSupport.fireLifecycleEvent(LifecycleSupport.java:117)
	at org.apache.catalina.util.LifecycleBase.fireLifecycleEvent(LifecycleBase.java:90)
	at org.apache.catalina.core.ContainerBase.backgroundProcess(ContainerBase.java:1371)
	at org.apache.catalina.core.ContainerBase$ContainerBackgroundProcessor.processChildren(ContainerBase.java:1543)
	at org.apache.catalina.core.ContainerBase$ContainerBackgroundProcessor.processChildren(ContainerBase.java:1553)
	at org.apache.catalina.core.ContainerBase$ContainerBackgroundProcessor.run(ContainerBase.java:1521)
	at java.lang.Thread.run(Thread.java:745)

Mar 01, 2017 2:31:59 PM org.apache.coyote.AbstractProtocol pause
INFO: Pausing ProtocolHandler ["http-apr-8080"]
Mar 01, 2017 2:31:59 PM org.apache.coyote.AbstractProtocol pause
INFO: Pausing ProtocolHandler ["ajp-apr-8009"]
Mar 01, 2017 2:31:59 PM org.apache.catalina.core.StandardService stopInternal
INFO: Stopping service Catalina
Mar 01, 2017 2:31:59 PM org.apache.coyote.AbstractProtocol stop
INFO: Stopping ProtocolHandler ["http-apr-8080"]
Mar 01, 2017 2:31:59 PM org.apache.coyote.AbstractProtocol stop
INFO: Stopping ProtocolHandler ["ajp-apr-8009"]
Mar 01, 2017 2:31:59 PM org.apache.coyote.AbstractProtocol destroy
INFO: Destroying ProtocolHandler ["http-apr-8080"]
Mar 01, 2017 2:31:59 PM org.apache.coyote.AbstractProtocol destroy
INFO: Destroying ProtocolHandler ["ajp-apr-8009"]
Mar 01, 2017 2:32:08 PM org.apache.catalina.startup.VersionLoggerListener log
INFO: Server version:        Apache Tomcat/7.0.69
Mar 01, 2017 2:32:08 PM org.apache.catalina.startup.VersionLoggerListener log
INFO: Server built:          Apr 11 2016 07:57:09 UTC
Mar 01, 2017 2:32:08 PM org.apache.catalina.startup.VersionLoggerListener log
INFO: Server number:         7.0.69.0
Mar 01, 2017 2:32:08 PM org.apache.catalina.startup.VersionLoggerListener log
INFO: OS Name:               Windows 7
Mar 01, 2017 2:32:08 PM org.apache.catalina.startup.VersionLoggerListener log
INFO: OS Version:            6.1
Mar 01, 2017 2:32:08 PM org.apache.catalina.startup.VersionLoggerListener log
INFO: Architecture:          amd64
Mar 01, 2017 2:32:08 PM org.apache.catalina.startup.VersionLoggerListener log
INFO: Java Home:             C:\Program Files\Java\jdk1.7.0_79\jre
Mar 01, 2017 2:32:08 PM org.apache.catalina.startup.VersionLoggerListener log
INFO: JVM Version:           1.7.0_79-b15
Mar 01, 2017 2:32:08 PM org.apache.catalina.startup.VersionLoggerListener log
INFO: JVM Vendor:            Oracle Corporation
Mar 01, 2017 2:32:08 PM org.apache.catalina.startup.VersionLoggerListener log
INFO: CATALINA_BASE:         C:\Software\apache-tomcat-7.0.69
Mar 01, 2017 2:32:08 PM org.apache.catalina.startup.VersionLoggerListener log
INFO: CATALINA_HOME:         C:\Software\apache-tomcat-7.0.69
Mar 01, 2017 2:32:08 PM org.apache.catalina.startup.VersionLoggerListener log
INFO: Command line argument: -Djdk.tls.ephemeralDHKeySize=2048
Mar 01, 2017 2:32:08 PM org.apache.catalina.startup.VersionLoggerListener log
INFO: Command line argument: -Djava.util.logging.config.file=C:\Software\apache-tomcat-7.0.69\conf\logging.properties
Mar 01, 2017 2:32:08 PM org.apache.catalina.startup.VersionLoggerListener log
INFO: Command line argument: -Djava.util.logging.manager=org.apache.juli.ClassLoaderLogManager
Mar 01, 2017 2:32:08 PM org.apache.catalina.startup.VersionLoggerListener log
INFO: Command line argument: -Djava.endorsed.dirs=C:\Software\apache-tomcat-7.0.69\endorsed
Mar 01, 2017 2:32:08 PM org.apache.catalina.startup.VersionLoggerListener log
INFO: Command line argument: -Dcatalina.base=C:\Software\apache-tomcat-7.0.69
Mar 01, 2017 2:32:08 PM org.apache.catalina.startup.VersionLoggerListener log
INFO: Command line argument: -Dcatalina.home=C:\Software\apache-tomcat-7.0.69
Mar 01, 2017 2:32:08 PM org.apache.catalina.startup.VersionLoggerListener log
INFO: Command line argument: -Djava.io.tmpdir=C:\Software\apache-tomcat-7.0.69\temp
Mar 01, 2017 2:32:08 PM org.apache.catalina.core.AprLifecycleListener lifecycleEvent
INFO: Loaded APR based Apache Tomcat Native library 1.1.33 using APR version 1.5.1.
Mar 01, 2017 2:32:08 PM org.apache.catalina.core.AprLifecycleListener lifecycleEvent
INFO: APR capabilities: IPv6 [true], sendfile [true], accept filters [false], random [true].
Mar 01, 2017 2:32:09 PM org.apache.catalina.core.AprLifecycleListener initializeSSL
INFO: OpenSSL successfully initialized (OpenSSL 1.0.1m 19 Mar 2015)
Mar 01, 2017 2:32:09 PM org.apache.coyote.AbstractProtocol init
INFO: Initializing ProtocolHandler ["http-apr-8080"]
Mar 01, 2017 2:32:09 PM org.apache.coyote.AbstractProtocol init
INFO: Initializing ProtocolHandler ["ajp-apr-8009"]
Mar 01, 2017 2:32:09 PM org.apache.catalina.startup.Catalina load
INFO: Initialization processed in 1925 ms
Mar 01, 2017 2:32:09 PM org.apache.catalina.core.StandardService startInternal
INFO: Starting service Catalina
Mar 01, 2017 2:32:09 PM org.apache.catalina.core.StandardEngine startInternal
INFO: Starting Servlet Engine: Apache Tomcat/7.0.69
Mar 01, 2017 2:32:09 PM org.apache.catalina.startup.HostConfig deployDirectory
INFO: Deploying web application directory C:\Software\apache-tomcat-7.0.69\webapps\docs
Mar 01, 2017 2:32:11 PM org.apache.catalina.util.SessionIdGeneratorBase createSecureRandom
INFO: Creation of SecureRandom instance for session ID generation using [SHA1PRNG] took [1,083] milliseconds.
Mar 01, 2017 2:32:11 PM org.apache.catalina.startup.HostConfig deployDirectory
INFO: Deployment of web application directory C:\Software\apache-tomcat-7.0.69\webapps\docs has finished in 1,812 ms
Mar 01, 2017 2:32:11 PM org.apache.catalina.startup.HostConfig deployDirectory
INFO: Deploying web application directory C:\Software\apache-tomcat-7.0.69\webapps\examples
Mar 01, 2017 2:32:12 PM org.apache.catalina.startup.HostConfig deployDirectory
INFO: Deployment of web application directory C:\Software\apache-tomcat-7.0.69\webapps\examples has finished in 620 ms
Mar 01, 2017 2:32:12 PM org.apache.catalina.startup.HostConfig deployDirectory
INFO: Deploying web application directory C:\Software\apache-tomcat-7.0.69\webapps\mantis
Mar 01, 2017 2:32:12 PM org.apache.catalina.startup.HostConfig deployDirectory
INFO: Deployment of web application directory C:\Software\apache-tomcat-7.0.69\webapps\mantis has finished in 138 ms
Mar 01, 2017 2:32:12 PM org.apache.catalina.startup.HostConfig deployDirectory
INFO: Deploying web application directory C:\Software\apache-tomcat-7.0.69\webapps\ROOT
Mar 01, 2017 2:32:12 PM org.apache.catalina.startup.HostConfig deployDirectory
INFO: Deployment of web application directory C:\Software\apache-tomcat-7.0.69\webapps\ROOT has finished in 74 ms
Mar 01, 2017 2:32:12 PM org.apache.coyote.AbstractProtocol start
INFO: Starting ProtocolHandler ["http-apr-8080"]
Mar 01, 2017 2:32:12 PM org.apache.coyote.AbstractProtocol start
INFO: Starting ProtocolHandler ["ajp-apr-8009"]
Mar 01, 2017 2:32:12 PM org.apache.catalina.startup.Catalina start
INFO: Server startup in 2750 ms
Mar 01, 2017 2:37:24 PM org.apache.coyote.AbstractProtocol pause
INFO: Pausing ProtocolHandler ["http-apr-8080"]
Mar 01, 2017 2:37:24 PM org.apache.coyote.AbstractProtocol pause
INFO: Pausing ProtocolHandler ["ajp-apr-8009"]
Mar 01, 2017 2:37:24 PM org.apache.catalina.core.StandardService stopInternal
INFO: Stopping service Catalina
Mar 01, 2017 2:37:24 PM org.apache.coyote.AbstractProtocol stop
INFO: Stopping ProtocolHandler ["http-apr-8080"]
Mar 01, 2017 2:37:24 PM org.apache.coyote.AbstractProtocol stop
INFO: Stopping ProtocolHandler ["ajp-apr-8009"]
Mar 01, 2017 2:37:24 PM org.apache.coyote.AbstractProtocol destroy
INFO: Destroying ProtocolHandler ["http-apr-8080"]
Mar 01, 2017 2:37:24 PM org.apache.coyote.AbstractProtocol destroy
INFO: Destroying ProtocolHandler ["ajp-apr-8009"]
