Mar 24, 2017 3:26:29 PM org.apache.catalina.startup.VersionLoggerListener log
INFO: Server version:        Apache Tomcat/7.0.69
Mar 24, 2017 3:26:29 PM org.apache.catalina.startup.VersionLoggerListener log
INFO: Server built:          Apr 11 2016 07:57:09 UTC
Mar 24, 2017 3:26:29 PM org.apache.catalina.startup.VersionLoggerListener log
INFO: Server number:         7.0.69.0
Mar 24, 2017 3:26:29 PM org.apache.catalina.startup.VersionLoggerListener log
INFO: OS Name:               Windows 7
Mar 24, 2017 3:26:29 PM org.apache.catalina.startup.VersionLoggerListener log
INFO: OS Version:            6.1
Mar 24, 2017 3:26:29 PM org.apache.catalina.startup.VersionLoggerListener log
INFO: Architecture:          amd64
Mar 24, 2017 3:26:29 PM org.apache.catalina.startup.VersionLoggerListener log
INFO: Java Home:             C:\Program Files\Java\jdk1.7.0_79\jre
Mar 24, 2017 3:26:29 PM org.apache.catalina.startup.VersionLoggerListener log
INFO: JVM Version:           1.7.0_79-b15
Mar 24, 2017 3:26:29 PM org.apache.catalina.startup.VersionLoggerListener log
INFO: JVM Vendor:            Oracle Corporation
Mar 24, 2017 3:26:29 PM org.apache.catalina.startup.VersionLoggerListener log
INFO: CATALINA_BASE:         C:\Software\apache-tomcat-7.0.69
Mar 24, 2017 3:26:29 PM org.apache.catalina.startup.VersionLoggerListener log
INFO: CATALINA_HOME:         C:\Software\apache-tomcat-7.0.69
Mar 24, 2017 3:26:29 PM org.apache.catalina.startup.VersionLoggerListener log
INFO: Command line argument: -Djdk.tls.ephemeralDHKeySize=2048
Mar 24, 2017 3:26:29 PM org.apache.catalina.startup.VersionLoggerListener log
INFO: Command line argument: -Djava.util.logging.config.file=C:\Software\apache-tomcat-7.0.69\conf\logging.properties
Mar 24, 2017 3:26:29 PM org.apache.catalina.startup.VersionLoggerListener log
INFO: Command line argument: -Djava.util.logging.manager=org.apache.juli.ClassLoaderLogManager
Mar 24, 2017 3:26:29 PM org.apache.catalina.startup.VersionLoggerListener log
INFO: Command line argument: -Djava.endorsed.dirs=C:\Software\apache-tomcat-7.0.69\endorsed
Mar 24, 2017 3:26:29 PM org.apache.catalina.startup.VersionLoggerListener log
INFO: Command line argument: -Dcatalina.base=C:\Software\apache-tomcat-7.0.69
Mar 24, 2017 3:26:29 PM org.apache.catalina.startup.VersionLoggerListener log
INFO: Command line argument: -Dcatalina.home=C:\Software\apache-tomcat-7.0.69
Mar 24, 2017 3:26:29 PM org.apache.catalina.startup.VersionLoggerListener log
INFO: Command line argument: -Djava.io.tmpdir=C:\Software\apache-tomcat-7.0.69\temp
Mar 24, 2017 3:26:29 PM org.apache.catalina.core.AprLifecycleListener lifecycleEvent
INFO: Loaded APR based Apache Tomcat Native library 1.1.33 using APR version 1.5.1.
Mar 24, 2017 3:26:29 PM org.apache.catalina.core.AprLifecycleListener lifecycleEvent
INFO: APR capabilities: IPv6 [true], sendfile [true], accept filters [false], random [true].
Mar 24, 2017 3:26:30 PM org.apache.catalina.core.AprLifecycleListener initializeSSL
INFO: OpenSSL successfully initialized (OpenSSL 1.0.1m 19 Mar 2015)
Mar 24, 2017 3:26:31 PM org.apache.coyote.AbstractProtocol init
INFO: Initializing ProtocolHandler ["http-apr-8080"]
Mar 24, 2017 3:26:31 PM org.apache.coyote.AbstractProtocol init
INFO: Initializing ProtocolHandler ["ajp-apr-8009"]
Mar 24, 2017 3:26:31 PM org.apache.catalina.startup.Catalina load
INFO: Initialization processed in 3269 ms
Mar 24, 2017 3:26:31 PM org.apache.catalina.core.StandardService startInternal
INFO: Starting service Catalina
Mar 24, 2017 3:26:31 PM org.apache.catalina.core.StandardEngine startInternal
INFO: Starting Servlet Engine: Apache Tomcat/7.0.69
Mar 24, 2017 3:26:31 PM org.apache.catalina.startup.HostConfig deployWAR
INFO: Deploying web application archive C:\Software\apache-tomcat-7.0.69\webapps\hello.war
Mar 24, 2017 3:26:33 PM org.apache.catalina.util.SessionIdGeneratorBase createSecureRandom
INFO: Creation of SecureRandom instance for session ID generation using [SHA1PRNG] took [835] milliseconds.
Mar 24, 2017 3:26:33 PM org.apache.catalina.startup.HostConfig deployWAR
INFO: Deployment of web application archive C:\Software\apache-tomcat-7.0.69\webapps\hello.war has finished in 2,101 ms
Mar 24, 2017 3:26:33 PM org.apache.catalina.startup.HostConfig deployDirectory
INFO: Deploying web application directory C:\Software\apache-tomcat-7.0.69\webapps\docs
Mar 24, 2017 3:26:33 PM org.apache.catalina.startup.HostConfig deployDirectory
INFO: Deployment of web application directory C:\Software\apache-tomcat-7.0.69\webapps\docs has finished in 100 ms
Mar 24, 2017 3:26:33 PM org.apache.catalina.startup.HostConfig deployDirectory
INFO: Deploying web application directory C:\Software\apache-tomcat-7.0.69\webapps\examples
Mar 24, 2017 3:26:36 PM org.apache.catalina.startup.HostConfig deployDirectory
INFO: Deployment of web application directory C:\Software\apache-tomcat-7.0.69\webapps\examples has finished in 2,598 ms
Mar 24, 2017 3:26:36 PM org.apache.catalina.startup.HostConfig deployDirectory
INFO: Deploying web application directory C:\Software\apache-tomcat-7.0.69\webapps\ROOT
Mar 24, 2017 3:26:36 PM org.apache.catalina.startup.HostConfig deployDirectory
INFO: Deployment of web application directory C:\Software\apache-tomcat-7.0.69\webapps\ROOT has finished in 99 ms
Mar 24, 2017 3:26:36 PM org.apache.coyote.AbstractProtocol start
INFO: Starting ProtocolHandler ["http-apr-8080"]
Mar 24, 2017 3:26:36 PM org.apache.coyote.AbstractProtocol start
INFO: Starting ProtocolHandler ["ajp-apr-8009"]
Mar 24, 2017 3:26:36 PM org.apache.catalina.startup.Catalina start
INFO: Server startup in 5103 ms
Mar 24, 2017 3:28:25 PM org.apache.coyote.AbstractProtocol pause
INFO: Pausing ProtocolHandler ["http-apr-8080"]
Mar 24, 2017 3:28:25 PM org.apache.coyote.AbstractProtocol pause
INFO: Pausing ProtocolHandler ["ajp-apr-8009"]
Mar 24, 2017 3:28:25 PM org.apache.catalina.core.StandardService stopInternal
INFO: Stopping service Catalina
Mar 24, 2017 3:28:25 PM org.apache.coyote.AbstractProtocol stop
INFO: Stopping ProtocolHandler ["http-apr-8080"]
Mar 24, 2017 3:28:25 PM org.apache.coyote.AbstractProtocol stop
INFO: Stopping ProtocolHandler ["ajp-apr-8009"]
Mar 24, 2017 3:28:25 PM org.apache.coyote.AbstractProtocol destroy
INFO: Destroying ProtocolHandler ["http-apr-8080"]
Mar 24, 2017 3:28:25 PM org.apache.coyote.AbstractProtocol destroy
INFO: Destroying ProtocolHandler ["ajp-apr-8009"]
