Nov 07, 2016 2:21:16 PM org.apache.catalina.startup.VersionLoggerListener log
INFO: Server version:        Apache Tomcat/7.0.69
Nov 07, 2016 2:21:16 PM org.apache.catalina.startup.VersionLoggerListener log
INFO: Server built:          Apr 11 2016 07:57:09 UTC
Nov 07, 2016 2:21:16 PM org.apache.catalina.startup.VersionLoggerListener log
INFO: Server number:         7.0.69.0
Nov 07, 2016 2:21:16 PM org.apache.catalina.startup.VersionLoggerListener log
INFO: OS Name:               Windows 7
Nov 07, 2016 2:21:16 PM org.apache.catalina.startup.VersionLoggerListener log
INFO: OS Version:            6.1
Nov 07, 2016 2:21:16 PM org.apache.catalina.startup.VersionLoggerListener log
INFO: Architecture:          amd64
Nov 07, 2016 2:21:16 PM org.apache.catalina.startup.VersionLoggerListener log
INFO: Java Home:             C:\Program Files\Java\jdk1.7.0_79\jre
Nov 07, 2016 2:21:16 PM org.apache.catalina.startup.VersionLoggerListener log
INFO: JVM Version:           1.7.0_79-b15
Nov 07, 2016 2:21:16 PM org.apache.catalina.startup.VersionLoggerListener log
INFO: JVM Vendor:            Oracle Corporation
Nov 07, 2016 2:21:16 PM org.apache.catalina.startup.VersionLoggerListener log
INFO: CATALINA_BASE:         C:\Software\apache-tomcat-7.0.69
Nov 07, 2016 2:21:16 PM org.apache.catalina.startup.VersionLoggerListener log
INFO: CATALINA_HOME:         C:\Software\apache-tomcat-7.0.69
Nov 07, 2016 2:21:16 PM org.apache.catalina.startup.VersionLoggerListener log
INFO: Command line argument: -Djdk.tls.ephemeralDHKeySize=2048
Nov 07, 2016 2:21:16 PM org.apache.catalina.startup.VersionLoggerListener log
INFO: Command line argument: -Djava.util.logging.config.file=C:\Software\apache-tomcat-7.0.69\conf\logging.properties
Nov 07, 2016 2:21:16 PM org.apache.catalina.startup.VersionLoggerListener log
INFO: Command line argument: -Djava.util.logging.manager=org.apache.juli.ClassLoaderLogManager
Nov 07, 2016 2:21:16 PM org.apache.catalina.startup.VersionLoggerListener log
INFO: Command line argument: -Djava.endorsed.dirs=C:\Software\apache-tomcat-7.0.69\endorsed
Nov 07, 2016 2:21:16 PM org.apache.catalina.startup.VersionLoggerListener log
INFO: Command line argument: -Dcatalina.base=C:\Software\apache-tomcat-7.0.69
Nov 07, 2016 2:21:16 PM org.apache.catalina.startup.VersionLoggerListener log
INFO: Command line argument: -Dcatalina.home=C:\Software\apache-tomcat-7.0.69
Nov 07, 2016 2:21:16 PM org.apache.catalina.startup.VersionLoggerListener log
INFO: Command line argument: -Djava.io.tmpdir=C:\Software\apache-tomcat-7.0.69\temp
Nov 07, 2016 2:21:16 PM org.apache.catalina.core.AprLifecycleListener lifecycleEvent
INFO: Loaded APR based Apache Tomcat Native library 1.1.33 using APR version 1.5.1.
Nov 07, 2016 2:21:16 PM org.apache.catalina.core.AprLifecycleListener lifecycleEvent
INFO: APR capabilities: IPv6 [true], sendfile [true], accept filters [false], random [true].
Nov 07, 2016 2:21:17 PM org.apache.catalina.core.AprLifecycleListener initializeSSL
INFO: OpenSSL successfully initialized (OpenSSL 1.0.1m 19 Mar 2015)
Nov 07, 2016 2:21:18 PM org.apache.coyote.AbstractProtocol init
INFO: Initializing ProtocolHandler ["http-apr-8080"]
Nov 07, 2016 2:21:18 PM org.apache.coyote.AbstractProtocol init
INFO: Initializing ProtocolHandler ["ajp-apr-8009"]
Nov 07, 2016 2:21:18 PM org.apache.catalina.startup.Catalina load
INFO: Initialization processed in 6169 ms
Nov 07, 2016 2:21:19 PM org.apache.catalina.core.StandardService startInternal
INFO: Starting service Catalina
Nov 07, 2016 2:21:19 PM org.apache.catalina.core.StandardEngine startInternal
INFO: Starting Servlet Engine: Apache Tomcat/7.0.69
Nov 07, 2016 2:21:19 PM org.apache.catalina.startup.HostConfig deployDescriptor
INFO: Deploying configuration descriptor C:\Software\apache-tomcat-7.0.69\conf\Catalina\localhost\gerrit.xml
Nov 07, 2016 2:21:19 PM org.apache.catalina.core.StandardContext resourcesStart
SEVERE: Error starting static Resources
java.lang.IllegalArgumentException: Document base C:\Software\Geritt\Gerit2.7 does not exist or is not a readable directory
	at org.apache.naming.resources.FileDirContext.setDocBase(FileDirContext.java:136)
	at org.apache.catalina.core.StandardContext.resourcesStart(StandardContext.java:5197)
	at org.apache.catalina.core.StandardContext.startInternal(StandardContext.java:5386)
	at org.apache.catalina.util.LifecycleBase.start(LifecycleBase.java:147)
	at org.apache.catalina.core.ContainerBase.addChildInternal(ContainerBase.java:899)
	at org.apache.catalina.core.ContainerBase.addChild(ContainerBase.java:875)
	at org.apache.catalina.core.StandardHost.addChild(StandardHost.java:652)
	at org.apache.catalina.startup.HostConfig.deployDescriptor(HostConfig.java:679)
	at org.apache.catalina.startup.HostConfig$DeployDescriptor.run(HostConfig.java:1966)
	at java.util.concurrent.Executors$RunnableAdapter.call(Executors.java:471)
	at java.util.concurrent.FutureTask.run(FutureTask.java:262)
	at java.util.concurrent.ThreadPoolExecutor.runWorker(ThreadPoolExecutor.java:1145)
	at java.util.concurrent.ThreadPoolExecutor$Worker.run(ThreadPoolExecutor.java:615)
	at java.lang.Thread.run(Thread.java:745)

Nov 07, 2016 2:21:19 PM org.apache.catalina.core.ContainerBase addChildInternal
SEVERE: ContainerBase.addChild: start: 
org.apache.catalina.LifecycleException: Failed to start component [StandardEngine[Catalina].StandardHost[localhost].StandardContext[/gerrit]]
	at org.apache.catalina.util.LifecycleBase.start(LifecycleBase.java:153)
	at org.apache.catalina.core.ContainerBase.addChildInternal(ContainerBase.java:899)
	at org.apache.catalina.core.ContainerBase.addChild(ContainerBase.java:875)
	at org.apache.catalina.core.StandardHost.addChild(StandardHost.java:652)
	at org.apache.catalina.startup.HostConfig.deployDescriptor(HostConfig.java:679)
	at org.apache.catalina.startup.HostConfig$DeployDescriptor.run(HostConfig.java:1966)
	at java.util.concurrent.Executors$RunnableAdapter.call(Executors.java:471)
	at java.util.concurrent.FutureTask.run(FutureTask.java:262)
	at java.util.concurrent.ThreadPoolExecutor.runWorker(ThreadPoolExecutor.java:1145)
	at java.util.concurrent.ThreadPoolExecutor$Worker.run(ThreadPoolExecutor.java:615)
	at java.lang.Thread.run(Thread.java:745)
Caused by: org.apache.catalina.LifecycleException: Error in resourceStart()
	at org.apache.catalina.core.StandardContext.startInternal(StandardContext.java:5387)
	at org.apache.catalina.util.LifecycleBase.start(LifecycleBase.java:147)
	... 10 more

Nov 07, 2016 2:21:19 PM org.apache.catalina.startup.HostConfig deployDescriptor
SEVERE: Error deploying configuration descriptor C:\Software\apache-tomcat-7.0.69\conf\Catalina\localhost\gerrit.xml
java.lang.IllegalStateException: ContainerBase.addChild: start: org.apache.catalina.LifecycleException: Failed to start component [StandardEngine[Catalina].StandardHost[localhost].StandardContext[/gerrit]]
	at org.apache.catalina.core.ContainerBase.addChildInternal(ContainerBase.java:903)
	at org.apache.catalina.core.ContainerBase.addChild(ContainerBase.java:875)
	at org.apache.catalina.core.StandardHost.addChild(StandardHost.java:652)
	at org.apache.catalina.startup.HostConfig.deployDescriptor(HostConfig.java:679)
	at org.apache.catalina.startup.HostConfig$DeployDescriptor.run(HostConfig.java:1966)
	at java.util.concurrent.Executors$RunnableAdapter.call(Executors.java:471)
	at java.util.concurrent.FutureTask.run(FutureTask.java:262)
	at java.util.concurrent.ThreadPoolExecutor.runWorker(ThreadPoolExecutor.java:1145)
	at java.util.concurrent.ThreadPoolExecutor$Worker.run(ThreadPoolExecutor.java:615)
	at java.lang.Thread.run(Thread.java:745)

Nov 07, 2016 2:21:19 PM org.apache.catalina.startup.HostConfig deployDescriptor
INFO: Deployment of configuration descriptor C:\Software\apache-tomcat-7.0.69\conf\Catalina\localhost\gerrit.xml has finished in 202 ms
Nov 07, 2016 2:21:19 PM org.apache.catalina.startup.HostConfig deployDirectory
INFO: Deploying web application directory C:\Software\apache-tomcat-7.0.69\webapps\docs
Nov 07, 2016 2:21:20 PM org.apache.catalina.util.SessionIdGeneratorBase createSecureRandom
INFO: Creation of SecureRandom instance for session ID generation using [SHA1PRNG] took [740] milliseconds.
Nov 07, 2016 2:21:20 PM org.apache.catalina.startup.HostConfig deployDirectory
INFO: Deployment of web application directory C:\Software\apache-tomcat-7.0.69\webapps\docs has finished in 1,505 ms
Nov 07, 2016 2:21:20 PM org.apache.catalina.startup.HostConfig deployDirectory
INFO: Deploying web application directory C:\Software\apache-tomcat-7.0.69\webapps\examples
Nov 07, 2016 2:21:22 PM org.apache.catalina.startup.HostConfig deployDirectory
INFO: Deployment of web application directory C:\Software\apache-tomcat-7.0.69\webapps\examples has finished in 1,427 ms
Nov 07, 2016 2:21:22 PM org.apache.catalina.startup.HostConfig deployDirectory
INFO: Deploying web application directory C:\Software\apache-tomcat-7.0.69\webapps\host-manager
Nov 07, 2016 2:21:22 PM org.apache.catalina.startup.HostConfig deployDirectory
INFO: Deployment of web application directory C:\Software\apache-tomcat-7.0.69\webapps\host-manager has finished in 146 ms
Nov 07, 2016 2:21:22 PM org.apache.catalina.startup.HostConfig deployDirectory
INFO: Deploying web application directory C:\Software\apache-tomcat-7.0.69\webapps\manager
Nov 07, 2016 2:21:22 PM org.apache.catalina.startup.HostConfig deployDirectory
INFO: Deployment of web application directory C:\Software\apache-tomcat-7.0.69\webapps\manager has finished in 78 ms
Nov 07, 2016 2:21:22 PM org.apache.catalina.startup.HostConfig deployDirectory
INFO: Deploying web application directory C:\Software\apache-tomcat-7.0.69\webapps\mantisbt-1.3.3
Nov 07, 2016 2:21:22 PM org.apache.catalina.startup.HostConfig deployDirectory
INFO: Deployment of web application directory C:\Software\apache-tomcat-7.0.69\webapps\mantisbt-1.3.3 has finished in 141 ms
Nov 07, 2016 2:21:22 PM org.apache.catalina.startup.HostConfig deployDirectory
INFO: Deploying web application directory C:\Software\apache-tomcat-7.0.69\webapps\ROOT
Nov 07, 2016 2:21:22 PM org.apache.catalina.startup.HostConfig deployDirectory
INFO: Deployment of web application directory C:\Software\apache-tomcat-7.0.69\webapps\ROOT has finished in 57 ms
Nov 07, 2016 2:21:22 PM org.apache.coyote.AbstractProtocol start
INFO: Starting ProtocolHandler ["http-apr-8080"]
Nov 07, 2016 2:21:22 PM org.apache.coyote.AbstractProtocol start
INFO: Starting ProtocolHandler ["ajp-apr-8009"]
Nov 07, 2016 2:21:22 PM org.apache.catalina.startup.Catalina start
INFO: Server startup in 3825 ms
Nov 07, 2016 2:46:49 PM org.apache.coyote.AbstractProtocol pause
INFO: Pausing ProtocolHandler ["http-apr-8080"]
Nov 07, 2016 2:46:49 PM org.apache.coyote.AbstractProtocol pause
INFO: Pausing ProtocolHandler ["ajp-apr-8009"]
Nov 07, 2016 2:46:49 PM org.apache.catalina.core.StandardService stopInternal
INFO: Stopping service Catalina
Nov 07, 2016 2:46:49 PM org.apache.coyote.AbstractProtocol stop
INFO: Stopping ProtocolHandler ["http-apr-8080"]
Nov 07, 2016 2:46:49 PM org.apache.coyote.AbstractProtocol stop
INFO: Stopping ProtocolHandler ["ajp-apr-8009"]
Nov 07, 2016 2:46:49 PM org.apache.coyote.AbstractProtocol destroy
INFO: Destroying ProtocolHandler ["http-apr-8080"]
Nov 07, 2016 2:46:49 PM org.apache.coyote.AbstractProtocol destroy
INFO: Destroying ProtocolHandler ["ajp-apr-8009"]
Nov 07, 2016 2:46:49 PM org.apache.catalina.deploy.NamingResources cleanUp
WARNING: Failed to retrieve JNDI naming context for container [StandardEngine[Catalina].StandardHost[localhost].StandardContext[/gerrit]] so no cleanup was performed for that container
javax.naming.NamingException: No naming context bound to this class loader
	at org.apache.naming.ContextBindings.getClassLoader(ContextBindings.java:350)
	at org.apache.catalina.deploy.NamingResources.cleanUp(NamingResources.java:985)
	at org.apache.catalina.deploy.NamingResources.stopInternal(NamingResources.java:968)
	at org.apache.catalina.util.LifecycleBase.stop(LifecycleBase.java:224)
	at org.apache.catalina.core.StandardContext.stopInternal(StandardContext.java:5796)
	at org.apache.catalina.util.LifecycleBase.stop(LifecycleBase.java:224)
	at org.apache.catalina.util.LifecycleBase.destroy(LifecycleBase.java:263)
	at org.apache.catalina.core.ContainerBase.removeChild(ContainerBase.java:1038)
	at org.apache.catalina.core.ContainerBase.destroyInternal(ContainerBase.java:1231)
	at org.apache.catalina.util.LifecycleBase.destroy(LifecycleBase.java:297)
	at org.apache.catalina.core.ContainerBase.removeChild(ContainerBase.java:1038)
	at org.apache.catalina.core.ContainerBase.destroyInternal(ContainerBase.java:1231)
	at org.apache.catalina.util.LifecycleBase.destroy(LifecycleBase.java:297)
	at org.apache.catalina.core.StandardService.destroyInternal(StandardService.java:594)
	at org.apache.catalina.util.LifecycleBase.destroy(LifecycleBase.java:297)
	at org.apache.catalina.core.StandardServer.destroyInternal(StandardServer.java:846)
	at org.apache.catalina.util.LifecycleBase.destroy(LifecycleBase.java:297)
	at org.apache.catalina.startup.Catalina.stop(Catalina.java:767)
	at org.apache.catalina.startup.Catalina$CatalinaShutdownHook.run(Catalina.java:912)

