Mar 25, 2017 5:14:55 PM org.apache.catalina.startup.VersionLoggerListener log
INFO: Server version:        Apache Tomcat/7.0.69
Mar 25, 2017 5:14:55 PM org.apache.catalina.startup.VersionLoggerListener log
INFO: Server built:          Apr 11 2016 07:57:09 UTC
Mar 25, 2017 5:14:55 PM org.apache.catalina.startup.VersionLoggerListener log
INFO: Server number:         7.0.69.0
Mar 25, 2017 5:14:55 PM org.apache.catalina.startup.VersionLoggerListener log
INFO: OS Name:               Windows 7
Mar 25, 2017 5:14:55 PM org.apache.catalina.startup.VersionLoggerListener log
INFO: OS Version:            6.1
Mar 25, 2017 5:14:55 PM org.apache.catalina.startup.VersionLoggerListener log
INFO: Architecture:          amd64
Mar 25, 2017 5:14:55 PM org.apache.catalina.startup.VersionLoggerListener log
INFO: Java Home:             C:\Program Files\Java\jdk1.7.0_79\jre
Mar 25, 2017 5:14:55 PM org.apache.catalina.startup.VersionLoggerListener log
INFO: JVM Version:           1.7.0_79-b15
Mar 25, 2017 5:14:55 PM org.apache.catalina.startup.VersionLoggerListener log
INFO: JVM Vendor:            Oracle Corporation
Mar 25, 2017 5:14:55 PM org.apache.catalina.startup.VersionLoggerListener log
INFO: CATALINA_BASE:         C:\Software\apache-tomcat-7.0.69
Mar 25, 2017 5:14:55 PM org.apache.catalina.startup.VersionLoggerListener log
INFO: CATALINA_HOME:         C:\Software\apache-tomcat-7.0.69
Mar 25, 2017 5:14:55 PM org.apache.catalina.startup.VersionLoggerListener log
INFO: Command line argument: -Djdk.tls.ephemeralDHKeySize=2048
Mar 25, 2017 5:14:55 PM org.apache.catalina.startup.VersionLoggerListener log
INFO: Command line argument: -Djava.util.logging.config.file=C:\Software\apache-tomcat-7.0.69\conf\logging.properties
Mar 25, 2017 5:14:55 PM org.apache.catalina.startup.VersionLoggerListener log
INFO: Command line argument: -Djava.util.logging.manager=org.apache.juli.ClassLoaderLogManager
Mar 25, 2017 5:14:55 PM org.apache.catalina.startup.VersionLoggerListener log
INFO: Command line argument: -Djava.endorsed.dirs=C:\Software\apache-tomcat-7.0.69\endorsed
Mar 25, 2017 5:14:55 PM org.apache.catalina.startup.VersionLoggerListener log
INFO: Command line argument: -Dcatalina.base=C:\Software\apache-tomcat-7.0.69
Mar 25, 2017 5:14:55 PM org.apache.catalina.startup.VersionLoggerListener log
INFO: Command line argument: -Dcatalina.home=C:\Software\apache-tomcat-7.0.69
Mar 25, 2017 5:14:55 PM org.apache.catalina.startup.VersionLoggerListener log
INFO: Command line argument: -Djava.io.tmpdir=C:\Software\apache-tomcat-7.0.69\temp
Mar 25, 2017 5:14:55 PM org.apache.catalina.core.AprLifecycleListener lifecycleEvent
INFO: Loaded APR based Apache Tomcat Native library 1.1.33 using APR version 1.5.1.
Mar 25, 2017 5:14:55 PM org.apache.catalina.core.AprLifecycleListener lifecycleEvent
INFO: APR capabilities: IPv6 [true], sendfile [true], accept filters [false], random [true].
Mar 25, 2017 5:14:56 PM org.apache.catalina.core.AprLifecycleListener initializeSSL
INFO: OpenSSL successfully initialized (OpenSSL 1.0.1m 19 Mar 2015)
Mar 25, 2017 5:14:57 PM org.apache.coyote.AbstractProtocol init
INFO: Initializing ProtocolHandler ["http-apr-8080"]
Mar 25, 2017 5:14:57 PM org.apache.coyote.AbstractProtocol init
INFO: Initializing ProtocolHandler ["ajp-apr-8009"]
Mar 25, 2017 5:14:57 PM org.apache.catalina.startup.Catalina load
INFO: Initialization processed in 5947 ms
Mar 25, 2017 5:14:58 PM org.apache.catalina.core.StandardService startInternal
INFO: Starting service Catalina
Mar 25, 2017 5:14:58 PM org.apache.catalina.core.StandardEngine startInternal
INFO: Starting Servlet Engine: Apache Tomcat/7.0.69
Mar 25, 2017 5:14:58 PM org.apache.catalina.startup.HostConfig deployWAR
INFO: Deploying web application archive C:\Software\apache-tomcat-7.0.69\webapps\hello.war
Mar 25, 2017 5:15:00 PM org.apache.catalina.util.SessionIdGeneratorBase createSecureRandom
INFO: Creation of SecureRandom instance for session ID generation using [SHA1PRNG] took [884] milliseconds.
Mar 25, 2017 5:15:00 PM org.apache.catalina.startup.HostConfig deployWAR
INFO: Deployment of web application archive C:\Software\apache-tomcat-7.0.69\webapps\hello.war has finished in 2,168 ms
Mar 25, 2017 5:15:00 PM org.apache.catalina.startup.HostConfig deployDirectory
INFO: Deploying web application directory C:\Software\apache-tomcat-7.0.69\webapps\docs
Mar 25, 2017 5:15:00 PM org.apache.catalina.startup.HostConfig deployDirectory
INFO: Deployment of web application directory C:\Software\apache-tomcat-7.0.69\webapps\docs has finished in 123 ms
Mar 25, 2017 5:15:00 PM org.apache.catalina.startup.HostConfig deployDirectory
INFO: Deploying web application directory C:\Software\apache-tomcat-7.0.69\webapps\examples
Mar 25, 2017 5:15:04 PM org.apache.catalina.startup.HostConfig deployDirectory
INFO: Deployment of web application directory C:\Software\apache-tomcat-7.0.69\webapps\examples has finished in 3,803 ms
Mar 25, 2017 5:15:04 PM org.apache.catalina.startup.HostConfig deployDirectory
INFO: Deploying web application directory C:\Software\apache-tomcat-7.0.69\webapps\ROOT
Mar 25, 2017 5:15:04 PM org.apache.catalina.startup.HostConfig deployDirectory
INFO: Deployment of web application directory C:\Software\apache-tomcat-7.0.69\webapps\ROOT has finished in 140 ms
Mar 25, 2017 5:15:04 PM org.apache.coyote.AbstractProtocol start
INFO: Starting ProtocolHandler ["http-apr-8080"]
Mar 25, 2017 5:15:04 PM org.apache.coyote.AbstractProtocol start
INFO: Starting ProtocolHandler ["ajp-apr-8009"]
Mar 25, 2017 5:15:04 PM org.apache.catalina.startup.Catalina start
INFO: Server startup in 6502 ms
