Jul 01, 2017 6:53:34 PM org.apache.catalina.core.AprLifecycleListener init
WARNING: The APR based Apache Tomcat Native library failed to load. The error reported was [E:\ \SampleBuild\AplicationServer\apache-tomcat-7.0.69\bin\tcnative-1.dll: Can't load AMD 64-bit .dll on a IA 32-bit platform]
java.lang.UnsatisfiedLinkError: E:\ \SampleBuild\AplicationServer\apache-tomcat-7.0.69\bin\tcnative-1.dll: Can't load AMD 64-bit .dll on a IA 32-bit platform
	at java.lang.ClassLoader$NativeLibrary.load(Native Method)
	at java.lang.ClassLoader.loadLibrary0(ClassLoader.java:1941)
	at java.lang.ClassLoader.loadLibrary(ClassLoader.java:1857)
	at java.lang.Runtime.loadLibrary0(Runtime.java:870)
	at java.lang.System.loadLibrary(System.java:1122)
	at org.apache.tomcat.jni.Library.<init>(Library.java:42)
	at org.apache.tomcat.jni.Library.initialize(Library.java:178)
	at org.apache.catalina.core.AprLifecycleListener.init(AprLifecycleListener.java:201)
	at org.apache.catalina.core.AprLifecycleListener.isAprAvailable(AprLifecycleListener.java:109)
	at org.apache.catalina.connector.Connector.setProtocol(Connector.java:592)
	at org.apache.catalina.connector.Connector.<init>(Connector.java:66)
	at org.apache.catalina.startup.ConnectorCreateRule.begin(ConnectorCreateRule.java:62)
	at org.apache.tomcat.util.digester.Digester.startElement(Digester.java:1282)
	at com.sun.org.apache.xerces.internal.parsers.AbstractSAXParser.startElement(AbstractSAXParser.java:509)
	at com.sun.org.apache.xerces.internal.parsers.AbstractXMLDocumentParser.emptyElement(AbstractXMLDocumentParser.java:182)
	at com.sun.org.apache.xerces.internal.impl.XMLDocumentFragmentScannerImpl.scanStartElement(XMLDocumentFragmentScannerImpl.java:1339)
	at com.sun.org.apache.xerces.internal.impl.XMLDocumentFragmentScannerImpl$FragmentContentDriver.next(XMLDocumentFragmentScannerImpl.java:2784)
	at com.sun.org.apache.xerces.internal.impl.XMLDocumentScannerImpl.next(XMLDocumentScannerImpl.java:602)
	at com.sun.org.apache.xerces.internal.impl.XMLDocumentFragmentScannerImpl.scanDocument(XMLDocumentFragmentScannerImpl.java:505)
	at com.sun.org.apache.xerces.internal.parsers.XML11Configuration.parse(XML11Configuration.java:841)
	at com.sun.org.apache.xerces.internal.parsers.XML11Configuration.parse(XML11Configuration.java:770)
	at com.sun.org.apache.xerces.internal.parsers.XMLParser.parse(XMLParser.java:141)
	at com.sun.org.apache.xerces.internal.parsers.AbstractSAXParser.parse(AbstractSAXParser.java:1213)
	at com.sun.org.apache.xerces.internal.jaxp.SAXParserImpl$JAXPSAXParser.parse(SAXParserImpl.java:643)
	at org.apache.tomcat.util.digester.Digester.parse(Digester.java:1555)
	at org.apache.catalina.startup.Catalina.load(Catalina.java:616)
	at org.apache.catalina.startup.Catalina.load(Catalina.java:667)
	at sun.reflect.NativeMethodAccessorImpl.invoke0(Native Method)
	at sun.reflect.NativeMethodAccessorImpl.invoke(NativeMethodAccessorImpl.java:62)
	at sun.reflect.DelegatingMethodAccessorImpl.invoke(DelegatingMethodAccessorImpl.java:43)
	at java.lang.reflect.Method.invoke(Method.java:498)
	at org.apache.catalina.startup.Bootstrap.load(Bootstrap.java:253)
	at org.apache.catalina.startup.Bootstrap.main(Bootstrap.java:427)

Jul 01, 2017 6:53:34 PM org.apache.catalina.startup.VersionLoggerListener log
INFO: Server version:        Apache Tomcat/7.0.69
Jul 01, 2017 6:53:34 PM org.apache.catalina.startup.VersionLoggerListener log
INFO: Server built:          Apr 11 2016 07:57:09 UTC
Jul 01, 2017 6:53:34 PM org.apache.catalina.startup.VersionLoggerListener log
INFO: Server number:         7.0.69.0
Jul 01, 2017 6:53:34 PM org.apache.catalina.startup.VersionLoggerListener log
INFO: OS Name:               Windows 7
Jul 01, 2017 6:53:34 PM org.apache.catalina.startup.VersionLoggerListener log
INFO: OS Version:            6.1
Jul 01, 2017 6:53:34 PM org.apache.catalina.startup.VersionLoggerListener log
INFO: Architecture:          x86
Jul 01, 2017 6:53:34 PM org.apache.catalina.startup.VersionLoggerListener log
INFO: Java Home:             C:\Program Files (x86)\Java\jdk1.8.0_121\jre
Jul 01, 2017 6:53:34 PM org.apache.catalina.startup.VersionLoggerListener log
INFO: JVM Version:           1.8.0_121-b13
Jul 01, 2017 6:53:34 PM org.apache.catalina.startup.VersionLoggerListener log
INFO: JVM Vendor:            Oracle Corporation
Jul 01, 2017 6:53:34 PM org.apache.catalina.startup.VersionLoggerListener log
INFO: CATALINA_BASE:         E:\ \SampleBuild\AplicationServer\apache-tomcat-7.0.69
Jul 01, 2017 6:53:34 PM org.apache.catalina.startup.VersionLoggerListener log
INFO: CATALINA_HOME:         E:\ \SampleBuild\AplicationServer\apache-tomcat-7.0.69
Jul 01, 2017 6:53:34 PM org.apache.catalina.startup.VersionLoggerListener log
INFO: Command line argument: -Djdk.tls.ephemeralDHKeySize=2048
Jul 01, 2017 6:53:34 PM org.apache.catalina.startup.VersionLoggerListener log
INFO: Command line argument: -Djava.util.logging.config.file=E:\ \SampleBuild\AplicationServer\apache-tomcat-7.0.69\conf\logging.properties
Jul 01, 2017 6:53:34 PM org.apache.catalina.startup.VersionLoggerListener log
INFO: Command line argument: -Djava.util.logging.manager=org.apache.juli.ClassLoaderLogManager
Jul 01, 2017 6:53:34 PM org.apache.catalina.startup.VersionLoggerListener log
INFO: Command line argument: -Djava.endorsed.dirs=E:\ \SampleBuild\AplicationServer\apache-tomcat-7.0.69\endorsed
Jul 01, 2017 6:53:34 PM org.apache.catalina.startup.VersionLoggerListener log
INFO: Command line argument: -Dcatalina.base=E:\ \SampleBuild\AplicationServer\apache-tomcat-7.0.69
Jul 01, 2017 6:53:34 PM org.apache.catalina.startup.VersionLoggerListener log
INFO: Command line argument: -Dcatalina.home=E:\ \SampleBuild\AplicationServer\apache-tomcat-7.0.69
Jul 01, 2017 6:53:34 PM org.apache.catalina.startup.VersionLoggerListener log
INFO: Command line argument: -Djava.io.tmpdir=E:\ \SampleBuild\AplicationServer\apache-tomcat-7.0.69\temp
Jul 01, 2017 6:53:35 PM org.apache.coyote.AbstractProtocol init
INFO: Initializing ProtocolHandler ["http-bio-8080"]
Jul 01, 2017 6:53:35 PM org.apache.coyote.AbstractProtocol init
SEVERE: Failed to initialize end point associated with ProtocolHandler ["http-bio-8080"]
java.net.BindException: Address already in use: JVM_Bind <null>:8080
	at org.apache.tomcat.util.net.JIoEndpoint.bind(JIoEndpoint.java:413)
	at org.apache.tomcat.util.net.AbstractEndpoint.init(AbstractEndpoint.java:650)
	at org.apache.coyote.AbstractProtocol.init(AbstractProtocol.java:434)
	at org.apache.coyote.http11.AbstractHttp11JsseProtocol.init(AbstractHttp11JsseProtocol.java:119)
	at org.apache.catalina.connector.Connector.initInternal(Connector.java:978)
	at org.apache.catalina.util.LifecycleBase.init(LifecycleBase.java:102)
	at org.apache.catalina.core.StandardService.initInternal(StandardService.java:560)
	at org.apache.catalina.util.LifecycleBase.init(LifecycleBase.java:102)
	at org.apache.catalina.core.StandardServer.initInternal(StandardServer.java:838)
	at org.apache.catalina.util.LifecycleBase.init(LifecycleBase.java:102)
	at org.apache.catalina.startup.Catalina.load(Catalina.java:642)
	at org.apache.catalina.startup.Catalina.load(Catalina.java:667)
	at sun.reflect.NativeMethodAccessorImpl.invoke0(Native Method)
	at sun.reflect.NativeMethodAccessorImpl.invoke(NativeMethodAccessorImpl.java:62)
	at sun.reflect.DelegatingMethodAccessorImpl.invoke(DelegatingMethodAccessorImpl.java:43)
	at java.lang.reflect.Method.invoke(Method.java:498)
	at org.apache.catalina.startup.Bootstrap.load(Bootstrap.java:253)
	at org.apache.catalina.startup.Bootstrap.main(Bootstrap.java:427)
Caused by: java.net.BindException: Address already in use: JVM_Bind
	at java.net.DualStackPlainSocketImpl.bind0(Native Method)
	at java.net.DualStackPlainSocketImpl.socketBind(DualStackPlainSocketImpl.java:106)
	at java.net.AbstractPlainSocketImpl.bind(AbstractPlainSocketImpl.java:387)
	at java.net.PlainSocketImpl.bind(PlainSocketImpl.java:190)
	at java.net.ServerSocket.bind(ServerSocket.java:375)
	at java.net.ServerSocket.<init>(ServerSocket.java:237)
	at java.net.ServerSocket.<init>(ServerSocket.java:181)
	at org.apache.tomcat.util.net.DefaultServerSocketFactory.createSocket(DefaultServerSocketFactory.java:49)
	at org.apache.tomcat.util.net.JIoEndpoint.bind(JIoEndpoint.java:400)
	... 17 more

Jul 01, 2017 6:53:35 PM org.apache.catalina.core.StandardService initInternal
SEVERE: Failed to initialize connector [Connector[HTTP/1.1-8080]]
org.apache.catalina.LifecycleException: Failed to initialize component [Connector[HTTP/1.1-8080]]
	at org.apache.catalina.util.LifecycleBase.init(LifecycleBase.java:106)
	at org.apache.catalina.core.StandardService.initInternal(StandardService.java:560)
	at org.apache.catalina.util.LifecycleBase.init(LifecycleBase.java:102)
	at org.apache.catalina.core.StandardServer.initInternal(StandardServer.java:838)
	at org.apache.catalina.util.LifecycleBase.init(LifecycleBase.java:102)
	at org.apache.catalina.startup.Catalina.load(Catalina.java:642)
	at org.apache.catalina.startup.Catalina.load(Catalina.java:667)
	at sun.reflect.NativeMethodAccessorImpl.invoke0(Native Method)
	at sun.reflect.NativeMethodAccessorImpl.invoke(NativeMethodAccessorImpl.java:62)
	at sun.reflect.DelegatingMethodAccessorImpl.invoke(DelegatingMethodAccessorImpl.java:43)
	at java.lang.reflect.Method.invoke(Method.java:498)
	at org.apache.catalina.startup.Bootstrap.load(Bootstrap.java:253)
	at org.apache.catalina.startup.Bootstrap.main(Bootstrap.java:427)
Caused by: org.apache.catalina.LifecycleException: Protocol handler initialization failed
	at org.apache.catalina.connector.Connector.initInternal(Connector.java:980)
	at org.apache.catalina.util.LifecycleBase.init(LifecycleBase.java:102)
	... 12 more
Caused by: java.net.BindException: Address already in use: JVM_Bind <null>:8080
	at org.apache.tomcat.util.net.JIoEndpoint.bind(JIoEndpoint.java:413)
	at org.apache.tomcat.util.net.AbstractEndpoint.init(AbstractEndpoint.java:650)
	at org.apache.coyote.AbstractProtocol.init(AbstractProtocol.java:434)
	at org.apache.coyote.http11.AbstractHttp11JsseProtocol.init(AbstractHttp11JsseProtocol.java:119)
	at org.apache.catalina.connector.Connector.initInternal(Connector.java:978)
	... 13 more
Caused by: java.net.BindException: Address already in use: JVM_Bind
	at java.net.DualStackPlainSocketImpl.bind0(Native Method)
	at java.net.DualStackPlainSocketImpl.socketBind(DualStackPlainSocketImpl.java:106)
	at java.net.AbstractPlainSocketImpl.bind(AbstractPlainSocketImpl.java:387)
	at java.net.PlainSocketImpl.bind(PlainSocketImpl.java:190)
	at java.net.ServerSocket.bind(ServerSocket.java:375)
	at java.net.ServerSocket.<init>(ServerSocket.java:237)
	at java.net.ServerSocket.<init>(ServerSocket.java:181)
	at org.apache.tomcat.util.net.DefaultServerSocketFactory.createSocket(DefaultServerSocketFactory.java:49)
	at org.apache.tomcat.util.net.JIoEndpoint.bind(JIoEndpoint.java:400)
	... 17 more

Jul 01, 2017 6:53:35 PM org.apache.coyote.AbstractProtocol init
INFO: Initializing ProtocolHandler ["ajp-bio-8009"]
Jul 01, 2017 6:53:35 PM org.apache.catalina.startup.Catalina load
INFO: Initialization processed in 2637 ms
Jul 01, 2017 6:53:35 PM org.apache.catalina.core.StandardService startInternal
INFO: Starting service Catalina
Jul 01, 2017 6:53:35 PM org.apache.catalina.core.StandardEngine startInternal
INFO: Starting Servlet Engine: Apache Tomcat/7.0.69
Jul 01, 2017 6:53:36 PM org.apache.catalina.startup.HostConfig deployWAR
INFO: Deploying web application archive E:\ \SampleBuild\AplicationServer\apache-tomcat-7.0.69\webapps\hello.war
Jul 01, 2017 6:53:37 PM org.apache.catalina.util.SessionIdGeneratorBase createSecureRandom
INFO: Creation of SecureRandom instance for session ID generation using [SHA1PRNG] took [126] milliseconds.
Jul 01, 2017 6:53:37 PM org.apache.catalina.startup.HostConfig deployWAR
INFO: Deployment of web application archive E:\ \SampleBuild\AplicationServer\apache-tomcat-7.0.69\webapps\hello.war has finished in 1,127 ms
Jul 01, 2017 6:53:37 PM org.apache.catalina.startup.HostConfig deployDirectory
INFO: Deploying web application directory E:\ \SampleBuild\AplicationServer\apache-tomcat-7.0.69\webapps\docs
Jul 01, 2017 6:53:37 PM org.apache.catalina.startup.HostConfig deployDirectory
INFO: Deployment of web application directory E:\ \SampleBuild\AplicationServer\apache-tomcat-7.0.69\webapps\docs has finished in 118 ms
Jul 01, 2017 6:53:37 PM org.apache.catalina.startup.HostConfig deployDirectory
INFO: Deploying web application directory E:\ \SampleBuild\AplicationServer\apache-tomcat-7.0.69\webapps\examples
Jul 01, 2017 6:53:38 PM org.apache.catalina.startup.HostConfig deployDirectory
INFO: Deployment of web application directory E:\ \SampleBuild\AplicationServer\apache-tomcat-7.0.69\webapps\examples has finished in 1,390 ms
Jul 01, 2017 6:53:38 PM org.apache.catalina.startup.HostConfig deployDirectory
INFO: Deploying web application directory E:\ \SampleBuild\AplicationServer\apache-tomcat-7.0.69\webapps\ROOT
Jul 01, 2017 6:53:38 PM org.apache.catalina.startup.HostConfig deployDirectory
INFO: Deployment of web application directory E:\ \SampleBuild\AplicationServer\apache-tomcat-7.0.69\webapps\ROOT has finished in 149 ms
Jul 01, 2017 6:53:38 PM org.apache.coyote.AbstractProtocol start
INFO: Starting ProtocolHandler ["ajp-bio-8009"]
Jul 01, 2017 6:53:38 PM org.apache.catalina.startup.Catalina start
INFO: Server startup in 2969 ms
Jul 01, 2017 6:55:09 PM org.apache.coyote.AbstractProtocol pause
INFO: Pausing ProtocolHandler ["http-bio-8080"]
Jul 01, 2017 6:55:09 PM org.apache.coyote.AbstractProtocol pause
INFO: Pausing ProtocolHandler ["ajp-bio-8009"]
Jul 01, 2017 6:55:10 PM org.apache.catalina.core.StandardService stopInternal
INFO: Stopping service Catalina
Jul 01, 2017 6:55:10 PM org.apache.coyote.AbstractProtocol stop
INFO: Stopping ProtocolHandler ["ajp-bio-8009"]
Jul 01, 2017 6:55:10 PM org.apache.coyote.AbstractProtocol stop
INFO: Stopping ProtocolHandler ["http-bio-8080"]
Jul 01, 2017 6:55:10 PM org.apache.coyote.AbstractProtocol destroy
INFO: Destroying ProtocolHandler ["http-bio-8080"]
Jul 01, 2017 6:55:10 PM org.apache.coyote.AbstractProtocol destroy
INFO: Destroying ProtocolHandler ["ajp-bio-8009"]
Jul 01, 2017 6:55:47 PM org.apache.catalina.core.AprLifecycleListener init
WARNING: The APR based Apache Tomcat Native library failed to load. The error reported was [E:\ \SampleBuild\AplicationServer\apache-tomcat-7.0.69\bin\tcnative-1.dll: Can't load AMD 64-bit .dll on a IA 32-bit platform]
java.lang.UnsatisfiedLinkError: E:\ \SampleBuild\AplicationServer\apache-tomcat-7.0.69\bin\tcnative-1.dll: Can't load AMD 64-bit .dll on a IA 32-bit platform
	at java.lang.ClassLoader$NativeLibrary.load(Native Method)
	at java.lang.ClassLoader.loadLibrary0(ClassLoader.java:1941)
	at java.lang.ClassLoader.loadLibrary(ClassLoader.java:1857)
	at java.lang.Runtime.loadLibrary0(Runtime.java:870)
	at java.lang.System.loadLibrary(System.java:1122)
	at org.apache.tomcat.jni.Library.<init>(Library.java:42)
	at org.apache.tomcat.jni.Library.initialize(Library.java:178)
	at org.apache.catalina.core.AprLifecycleListener.init(AprLifecycleListener.java:201)
	at org.apache.catalina.core.AprLifecycleListener.isAprAvailable(AprLifecycleListener.java:109)
	at org.apache.catalina.connector.Connector.setProtocol(Connector.java:592)
	at org.apache.catalina.connector.Connector.<init>(Connector.java:66)
	at org.apache.catalina.startup.ConnectorCreateRule.begin(ConnectorCreateRule.java:62)
	at org.apache.tomcat.util.digester.Digester.startElement(Digester.java:1282)
	at com.sun.org.apache.xerces.internal.parsers.AbstractSAXParser.startElement(AbstractSAXParser.java:509)
	at com.sun.org.apache.xerces.internal.parsers.AbstractXMLDocumentParser.emptyElement(AbstractXMLDocumentParser.java:182)
	at com.sun.org.apache.xerces.internal.impl.XMLDocumentFragmentScannerImpl.scanStartElement(XMLDocumentFragmentScannerImpl.java:1339)
	at com.sun.org.apache.xerces.internal.impl.XMLDocumentFragmentScannerImpl$FragmentContentDriver.next(XMLDocumentFragmentScannerImpl.java:2784)
	at com.sun.org.apache.xerces.internal.impl.XMLDocumentScannerImpl.next(XMLDocumentScannerImpl.java:602)
	at com.sun.org.apache.xerces.internal.impl.XMLDocumentFragmentScannerImpl.scanDocument(XMLDocumentFragmentScannerImpl.java:505)
	at com.sun.org.apache.xerces.internal.parsers.XML11Configuration.parse(XML11Configuration.java:841)
	at com.sun.org.apache.xerces.internal.parsers.XML11Configuration.parse(XML11Configuration.java:770)
	at com.sun.org.apache.xerces.internal.parsers.XMLParser.parse(XMLParser.java:141)
	at com.sun.org.apache.xerces.internal.parsers.AbstractSAXParser.parse(AbstractSAXParser.java:1213)
	at com.sun.org.apache.xerces.internal.jaxp.SAXParserImpl$JAXPSAXParser.parse(SAXParserImpl.java:643)
	at org.apache.tomcat.util.digester.Digester.parse(Digester.java:1555)
	at org.apache.catalina.startup.Catalina.load(Catalina.java:616)
	at org.apache.catalina.startup.Catalina.load(Catalina.java:667)
	at sun.reflect.NativeMethodAccessorImpl.invoke0(Native Method)
	at sun.reflect.NativeMethodAccessorImpl.invoke(NativeMethodAccessorImpl.java:62)
	at sun.reflect.DelegatingMethodAccessorImpl.invoke(DelegatingMethodAccessorImpl.java:43)
	at java.lang.reflect.Method.invoke(Method.java:498)
	at org.apache.catalina.startup.Bootstrap.load(Bootstrap.java:253)
	at org.apache.catalina.startup.Bootstrap.main(Bootstrap.java:427)

Jul 01, 2017 6:55:47 PM org.apache.catalina.startup.VersionLoggerListener log
INFO: Server version:        Apache Tomcat/7.0.69
Jul 01, 2017 6:55:47 PM org.apache.catalina.startup.VersionLoggerListener log
INFO: Server built:          Apr 11 2016 07:57:09 UTC
Jul 01, 2017 6:55:47 PM org.apache.catalina.startup.VersionLoggerListener log
INFO: Server number:         7.0.69.0
Jul 01, 2017 6:55:47 PM org.apache.catalina.startup.VersionLoggerListener log
INFO: OS Name:               Windows 7
Jul 01, 2017 6:55:47 PM org.apache.catalina.startup.VersionLoggerListener log
INFO: OS Version:            6.1
Jul 01, 2017 6:55:47 PM org.apache.catalina.startup.VersionLoggerListener log
INFO: Architecture:          x86
Jul 01, 2017 6:55:47 PM org.apache.catalina.startup.VersionLoggerListener log
INFO: Java Home:             C:\Program Files (x86)\Java\jdk1.8.0_121\jre
Jul 01, 2017 6:55:47 PM org.apache.catalina.startup.VersionLoggerListener log
INFO: JVM Version:           1.8.0_121-b13
Jul 01, 2017 6:55:47 PM org.apache.catalina.startup.VersionLoggerListener log
INFO: JVM Vendor:            Oracle Corporation
Jul 01, 2017 6:55:47 PM org.apache.catalina.startup.VersionLoggerListener log
INFO: CATALINA_BASE:         E:\ \SampleBuild\AplicationServer\apache-tomcat-7.0.69
Jul 01, 2017 6:55:47 PM org.apache.catalina.startup.VersionLoggerListener log
INFO: CATALINA_HOME:         E:\ \SampleBuild\AplicationServer\apache-tomcat-7.0.69
Jul 01, 2017 6:55:47 PM org.apache.catalina.startup.VersionLoggerListener log
INFO: Command line argument: -Djdk.tls.ephemeralDHKeySize=2048
Jul 01, 2017 6:55:47 PM org.apache.catalina.startup.VersionLoggerListener log
INFO: Command line argument: -Djava.util.logging.config.file=E:\ \SampleBuild\AplicationServer\apache-tomcat-7.0.69\conf\logging.properties
Jul 01, 2017 6:55:47 PM org.apache.catalina.startup.VersionLoggerListener log
INFO: Command line argument: -Djava.util.logging.manager=org.apache.juli.ClassLoaderLogManager
Jul 01, 2017 6:55:47 PM org.apache.catalina.startup.VersionLoggerListener log
INFO: Command line argument: -Djava.endorsed.dirs=E:\ \SampleBuild\AplicationServer\apache-tomcat-7.0.69\endorsed
Jul 01, 2017 6:55:47 PM org.apache.catalina.startup.VersionLoggerListener log
INFO: Command line argument: -Dcatalina.base=E:\ \SampleBuild\AplicationServer\apache-tomcat-7.0.69
Jul 01, 2017 6:55:47 PM org.apache.catalina.startup.VersionLoggerListener log
INFO: Command line argument: -Dcatalina.home=E:\ \SampleBuild\AplicationServer\apache-tomcat-7.0.69
Jul 01, 2017 6:55:47 PM org.apache.catalina.startup.VersionLoggerListener log
INFO: Command line argument: -Djava.io.tmpdir=E:\ \SampleBuild\AplicationServer\apache-tomcat-7.0.69\temp
Jul 01, 2017 6:55:47 PM org.apache.coyote.AbstractProtocol init
INFO: Initializing ProtocolHandler ["http-bio-7070"]
Jul 01, 2017 6:55:47 PM org.apache.coyote.AbstractProtocol init
INFO: Initializing ProtocolHandler ["ajp-bio-8009"]
Jul 01, 2017 6:55:47 PM org.apache.catalina.startup.Catalina load
INFO: Initialization processed in 1098 ms
Jul 01, 2017 6:55:47 PM org.apache.catalina.core.StandardService startInternal
INFO: Starting service Catalina
Jul 01, 2017 6:55:47 PM org.apache.catalina.core.StandardEngine startInternal
INFO: Starting Servlet Engine: Apache Tomcat/7.0.69
Jul 01, 2017 6:55:47 PM org.apache.catalina.startup.HostConfig deployWAR
INFO: Deploying web application archive E:\ \SampleBuild\AplicationServer\apache-tomcat-7.0.69\webapps\hello.war
Jul 01, 2017 6:55:48 PM org.apache.catalina.startup.HostConfig deployWAR
INFO: Deployment of web application archive E:\ \SampleBuild\AplicationServer\apache-tomcat-7.0.69\webapps\hello.war has finished in 684 ms
Jul 01, 2017 6:55:48 PM org.apache.catalina.startup.HostConfig deployDirectory
INFO: Deploying web application directory E:\ \SampleBuild\AplicationServer\apache-tomcat-7.0.69\webapps\docs
Jul 01, 2017 6:55:48 PM org.apache.catalina.startup.HostConfig deployDirectory
INFO: Deployment of web application directory E:\ \SampleBuild\AplicationServer\apache-tomcat-7.0.69\webapps\docs has finished in 162 ms
Jul 01, 2017 6:55:48 PM org.apache.catalina.startup.HostConfig deployDirectory
INFO: Deploying web application directory E:\ \SampleBuild\AplicationServer\apache-tomcat-7.0.69\webapps\examples
Jul 01, 2017 6:55:49 PM org.apache.catalina.startup.HostConfig deployDirectory
INFO: Deployment of web application directory E:\ \SampleBuild\AplicationServer\apache-tomcat-7.0.69\webapps\examples has finished in 787 ms
Jul 01, 2017 6:55:49 PM org.apache.catalina.startup.HostConfig deployDirectory
INFO: Deploying web application directory E:\ \SampleBuild\AplicationServer\apache-tomcat-7.0.69\webapps\ROOT
Jul 01, 2017 6:55:49 PM org.apache.catalina.startup.HostConfig deployDirectory
INFO: Deployment of web application directory E:\ \SampleBuild\AplicationServer\apache-tomcat-7.0.69\webapps\ROOT has finished in 136 ms
Jul 01, 2017 6:55:49 PM org.apache.coyote.AbstractProtocol start
INFO: Starting ProtocolHandler ["http-bio-7070"]
Jul 01, 2017 6:55:49 PM org.apache.coyote.AbstractProtocol start
INFO: Starting ProtocolHandler ["ajp-bio-8009"]
Jul 01, 2017 6:55:49 PM org.apache.catalina.startup.Catalina start
INFO: Server startup in 1878 ms
Jul 01, 2017 7:05:08 PM org.apache.coyote.AbstractProtocol pause
INFO: Pausing ProtocolHandler ["http-bio-7070"]
Jul 01, 2017 7:05:09 PM org.apache.coyote.AbstractProtocol pause
INFO: Pausing ProtocolHandler ["ajp-bio-8009"]
Jul 01, 2017 7:05:09 PM org.apache.catalina.core.StandardService stopInternal
INFO: Stopping service Catalina
Jul 01, 2017 7:05:09 PM org.apache.coyote.AbstractProtocol stop
INFO: Stopping ProtocolHandler ["http-bio-7070"]
Jul 01, 2017 7:05:09 PM org.apache.coyote.AbstractProtocol stop
INFO: Stopping ProtocolHandler ["ajp-bio-8009"]
Jul 01, 2017 7:05:09 PM org.apache.coyote.AbstractProtocol destroy
INFO: Destroying ProtocolHandler ["http-bio-7070"]
Jul 01, 2017 7:05:09 PM org.apache.coyote.AbstractProtocol destroy
INFO: Destroying ProtocolHandler ["ajp-bio-8009"]
