May 04, 2016 5:08:29 PM org.apache.catalina.core.ApplicationContext log
INFO: ContextListener: contextInitialized()
May 04, 2016 5:08:29 PM org.apache.catalina.core.ApplicationContext log
INFO: SessionListener: contextInitialized()
May 04, 2016 5:08:29 PM org.apache.catalina.core.ApplicationContext log
INFO: ContextListener: attributeAdded('org.apache.jasper.compiler.TldLocationsCache', 'org.apache.jasper.compiler.TldLocationsCache@179d4544')
May 04, 2016 7:07:52 PM org.apache.catalina.core.StandardContext filterStart
SEVERE: Exception starting filter guiceFilter
com.google.inject.CreationException: Unable to create injector, see the following errors:

1) Cannot create ReviewDb
  while locating com.google.gerrit.server.schema.ReviewDbDatabaseProvider
  at com.google.gerrit.server.schema.DatabaseModule.configure(DatabaseModule.java:31)
  while locating com.google.gwtorm.jdbc.Database<com.google.gerrit.reviewdb.server.ReviewDb>
  at com.google.gerrit.server.schema.DatabaseModule.configure(DatabaseModule.java:29)
  while locating com.google.gwtorm.server.SchemaFactory<com.google.gerrit.reviewdb.server.ReviewDb>

1 error
	at com.google.gerrit.httpd.WebAppInitializer.init(WebAppInitializer.java:167)
	at com.google.gerrit.httpd.WebAppInitializer.getInjector(WebAppInitializer.java:373)
	at com.google.inject.servlet.GuiceServletContextListener.contextInitialized(GuiceServletContextListener.java:47)
	at com.google.gerrit.httpd.WebAppInitializer.init(WebAppInitializer.java:380)
	at org.apache.catalina.core.ApplicationFilterConfig.initFilter(ApplicationFilterConfig.java:279)
	at org.apache.catalina.core.ApplicationFilterConfig.getFilter(ApplicationFilterConfig.java:260)
	at org.apache.catalina.core.ApplicationFilterConfig.<init>(ApplicationFilterConfig.java:105)
	at org.apache.catalina.core.StandardContext.filterStart(StandardContext.java:4908)
	at org.apache.catalina.core.StandardContext.startInternal(StandardContext.java:5602)
	at org.apache.catalina.util.LifecycleBase.start(LifecycleBase.java:147)
	at org.apache.catalina.core.ContainerBase.addChildInternal(ContainerBase.java:899)
	at org.apache.catalina.core.ContainerBase.addChild(ContainerBase.java:875)
	at org.apache.catalina.core.StandardHost.addChild(StandardHost.java:652)
	at org.apache.catalina.startup.HostConfig.deployDescriptor(HostConfig.java:679)
	at org.apache.catalina.startup.HostConfig$DeployDescriptor.run(HostConfig.java:1966)
	at java.util.concurrent.Executors$RunnableAdapter.call(Executors.java:471)
	at java.util.concurrent.FutureTask.run(FutureTask.java:262)
	at java.util.concurrent.ThreadPoolExecutor.runWorker(ThreadPoolExecutor.java:1145)
	at java.util.concurrent.ThreadPoolExecutor$Worker.run(ThreadPoolExecutor.java:615)
	at java.lang.Thread.run(Thread.java:745)
Caused by: com.google.gwtorm.server.OrmException: Unable to determine SqlDialect
	at com.google.gwtorm.jdbc.Database.<init>(Database.java:81)
	at com.google.gerrit.server.schema.ReviewDbDatabaseProvider.get(ReviewDbDatabaseProvider.java:39)
	at com.google.gerrit.server.schema.ReviewDbDatabaseProvider.get(ReviewDbDatabaseProvider.java:28)
	at com.google.inject.internal.ProviderInternalFactory.provision(ProviderInternalFactory.java:81)
	at com.google.inject.internal.BoundProviderFactory.provision(BoundProviderFactory.java:72)
	at com.google.inject.internal.ProviderInternalFactory.circularGet(ProviderInternalFactory.java:61)
	at com.google.inject.internal.BoundProviderFactory.get(BoundProviderFactory.java:62)
	at com.google.inject.internal.ProviderToInternalFactoryAdapter$1.call(ProviderToInternalFactoryAdapter.java:46)
	at com.google.inject.internal.InjectorImpl.callInContext(InjectorImpl.java:1103)
	at com.google.inject.internal.ProviderToInternalFactoryAdapter.get(ProviderToInternalFactoryAdapter.java:40)
	at com.google.inject.internal.SingletonScope$1.get(SingletonScope.java:145)
	at com.google.inject.internal.InternalFactoryToProviderAdapter.get(InternalFactoryToProviderAdapter.java:41)
	at com.google.inject.internal.FactoryProxy.get(FactoryProxy.java:56)
	at com.google.inject.internal.ProviderToInternalFactoryAdapter$1.call(ProviderToInternalFactoryAdapter.java:46)
	at com.google.inject.internal.InjectorImpl.callInContext(InjectorImpl.java:1103)
	at com.google.inject.internal.ProviderToInternalFactoryAdapter.get(ProviderToInternalFactoryAdapter.java:40)
	at com.google.inject.internal.SingletonScope$1.get(SingletonScope.java:145)
	at com.google.inject.internal.InternalFactoryToProviderAdapter.get(InternalFactoryToProviderAdapter.java:41)
	at com.google.inject.internal.InternalInjectorCreator$1.call(InternalInjectorCreator.java:205)
	at com.google.inject.internal.InternalInjectorCreator$1.call(InternalInjectorCreator.java:199)
	at com.google.inject.internal.InjectorImpl.callInContext(InjectorImpl.java:1092)
	at com.google.inject.internal.InternalInjectorCreator.loadEagerSingletons(InternalInjectorCreator.java:199)
	at com.google.inject.internal.InternalInjectorCreator.injectDynamically(InternalInjectorCreator.java:180)
	at com.google.inject.internal.InternalInjectorCreator.build(InternalInjectorCreator.java:110)
	at com.google.inject.Guice.createInjector(Guice.java:96)
	at com.google.gerrit.httpd.WebAppInitializer.createDbInjector(WebAppInitializer.java:263)
	at com.google.gerrit.httpd.WebAppInitializer.init(WebAppInitializer.java:150)
	... 19 more
Caused by: org.apache.tomcat.dbcp.dbcp.SQLNestedException: Cannot create JDBC driver of class '' for connect URL 'null'
	at org.apache.tomcat.dbcp.dbcp.BasicDataSource.createConnectionFactory(BasicDataSource.java:1452)
	at org.apache.tomcat.dbcp.dbcp.BasicDataSource.createDataSource(BasicDataSource.java:1371)
	at org.apache.tomcat.dbcp.dbcp.BasicDataSource.getConnection(BasicDataSource.java:1044)
	at com.google.gwtorm.jdbc.Database.<init>(Database.java:74)
	... 45 more
Caused by: java.lang.NullPointerException
	at sun.jdbc.odbc.JdbcOdbcDriver.getProtocol(JdbcOdbcDriver.java:524)
	at sun.jdbc.odbc.JdbcOdbcDriver.knownURL(JdbcOdbcDriver.java:493)
	at sun.jdbc.odbc.JdbcOdbcDriver.acceptsURL(JdbcOdbcDriver.java:307)
	at java.sql.DriverManager.getDriver(DriverManager.java:262)
	at org.apache.tomcat.dbcp.dbcp.BasicDataSource.createConnectionFactory(BasicDataSource.java:1437)
	... 48 more

May 04, 2016 7:09:49 PM org.apache.catalina.core.ApplicationContext log
INFO: SessionListener: contextDestroyed()
May 04, 2016 7:09:49 PM org.apache.catalina.core.ApplicationContext log
INFO: ContextListener: contextDestroyed()
May 04, 2016 7:10:16 PM org.apache.catalina.core.StandardContext filterStart
SEVERE: Exception starting filter guiceFilter
com.google.inject.CreationException: Unable to create injector, see the following errors:

1) Cannot create ReviewDb
  while locating com.google.gerrit.server.schema.ReviewDbDatabaseProvider
  at com.google.gerrit.server.schema.DatabaseModule.configure(DatabaseModule.java:31)
  while locating com.google.gwtorm.jdbc.Database<com.google.gerrit.reviewdb.server.ReviewDb>
  at com.google.gerrit.server.schema.DatabaseModule.configure(DatabaseModule.java:29)
  while locating com.google.gwtorm.server.SchemaFactory<com.google.gerrit.reviewdb.server.ReviewDb>

1 error
	at com.google.gerrit.httpd.WebAppInitializer.init(WebAppInitializer.java:167)
	at com.google.gerrit.httpd.WebAppInitializer.getInjector(WebAppInitializer.java:373)
	at com.google.inject.servlet.GuiceServletContextListener.contextInitialized(GuiceServletContextListener.java:47)
	at com.google.gerrit.httpd.WebAppInitializer.init(WebAppInitializer.java:380)
	at org.apache.catalina.core.ApplicationFilterConfig.initFilter(ApplicationFilterConfig.java:279)
	at org.apache.catalina.core.ApplicationFilterConfig.getFilter(ApplicationFilterConfig.java:260)
	at org.apache.catalina.core.ApplicationFilterConfig.<init>(ApplicationFilterConfig.java:105)
	at org.apache.catalina.core.StandardContext.filterStart(StandardContext.java:4908)
	at org.apache.catalina.core.StandardContext.startInternal(StandardContext.java:5602)
	at org.apache.catalina.util.LifecycleBase.start(LifecycleBase.java:147)
	at org.apache.catalina.core.ContainerBase.addChildInternal(ContainerBase.java:899)
	at org.apache.catalina.core.ContainerBase.addChild(ContainerBase.java:875)
	at org.apache.catalina.core.StandardHost.addChild(StandardHost.java:652)
	at org.apache.catalina.startup.HostConfig.deployDescriptor(HostConfig.java:679)
	at org.apache.catalina.startup.HostConfig$DeployDescriptor.run(HostConfig.java:1966)
	at java.util.concurrent.Executors$RunnableAdapter.call(Executors.java:471)
	at java.util.concurrent.FutureTask.run(FutureTask.java:262)
	at java.util.concurrent.ThreadPoolExecutor.runWorker(ThreadPoolExecutor.java:1145)
	at java.util.concurrent.ThreadPoolExecutor$Worker.run(ThreadPoolExecutor.java:615)
	at java.lang.Thread.run(Thread.java:745)
Caused by: com.google.gwtorm.server.OrmException: Unable to determine SqlDialect
	at com.google.gwtorm.jdbc.Database.<init>(Database.java:81)
	at com.google.gerrit.server.schema.ReviewDbDatabaseProvider.get(ReviewDbDatabaseProvider.java:39)
	at com.google.gerrit.server.schema.ReviewDbDatabaseProvider.get(ReviewDbDatabaseProvider.java:28)
	at com.google.inject.internal.ProviderInternalFactory.provision(ProviderInternalFactory.java:81)
	at com.google.inject.internal.BoundProviderFactory.provision(BoundProviderFactory.java:72)
	at com.google.inject.internal.ProviderInternalFactory.circularGet(ProviderInternalFactory.java:61)
	at com.google.inject.internal.BoundProviderFactory.get(BoundProviderFactory.java:62)
	at com.google.inject.internal.ProviderToInternalFactoryAdapter$1.call(ProviderToInternalFactoryAdapter.java:46)
	at com.google.inject.internal.InjectorImpl.callInContext(InjectorImpl.java:1103)
	at com.google.inject.internal.ProviderToInternalFactoryAdapter.get(ProviderToInternalFactoryAdapter.java:40)
	at com.google.inject.internal.SingletonScope$1.get(SingletonScope.java:145)
	at com.google.inject.internal.InternalFactoryToProviderAdapter.get(InternalFactoryToProviderAdapter.java:41)
	at com.google.inject.internal.FactoryProxy.get(FactoryProxy.java:56)
	at com.google.inject.internal.ProviderToInternalFactoryAdapter$1.call(ProviderToInternalFactoryAdapter.java:46)
	at com.google.inject.internal.InjectorImpl.callInContext(InjectorImpl.java:1103)
	at com.google.inject.internal.ProviderToInternalFactoryAdapter.get(ProviderToInternalFactoryAdapter.java:40)
	at com.google.inject.internal.SingletonScope$1.get(SingletonScope.java:145)
	at com.google.inject.internal.InternalFactoryToProviderAdapter.get(InternalFactoryToProviderAdapter.java:41)
	at com.google.inject.internal.InternalInjectorCreator$1.call(InternalInjectorCreator.java:205)
	at com.google.inject.internal.InternalInjectorCreator$1.call(InternalInjectorCreator.java:199)
	at com.google.inject.internal.InjectorImpl.callInContext(InjectorImpl.java:1092)
	at com.google.inject.internal.InternalInjectorCreator.loadEagerSingletons(InternalInjectorCreator.java:199)
	at com.google.inject.internal.InternalInjectorCreator.injectDynamically(InternalInjectorCreator.java:180)
	at com.google.inject.internal.InternalInjectorCreator.build(InternalInjectorCreator.java:110)
	at com.google.inject.Guice.createInjector(Guice.java:96)
	at com.google.gerrit.httpd.WebAppInitializer.createDbInjector(WebAppInitializer.java:263)
	at com.google.gerrit.httpd.WebAppInitializer.init(WebAppInitializer.java:150)
	... 19 more
Caused by: org.apache.tomcat.dbcp.dbcp.SQLNestedException: Cannot create JDBC driver of class '' for connect URL 'null'
	at org.apache.tomcat.dbcp.dbcp.BasicDataSource.createConnectionFactory(BasicDataSource.java:1452)
	at org.apache.tomcat.dbcp.dbcp.BasicDataSource.createDataSource(BasicDataSource.java:1371)
	at org.apache.tomcat.dbcp.dbcp.BasicDataSource.getConnection(BasicDataSource.java:1044)
	at com.google.gwtorm.jdbc.Database.<init>(Database.java:74)
	... 45 more
Caused by: java.lang.NullPointerException
	at sun.jdbc.odbc.JdbcOdbcDriver.getProtocol(JdbcOdbcDriver.java:524)
	at sun.jdbc.odbc.JdbcOdbcDriver.knownURL(JdbcOdbcDriver.java:493)
	at sun.jdbc.odbc.JdbcOdbcDriver.acceptsURL(JdbcOdbcDriver.java:307)
	at java.sql.DriverManager.getDriver(DriverManager.java:262)
	at org.apache.tomcat.dbcp.dbcp.BasicDataSource.createConnectionFactory(BasicDataSource.java:1437)
	... 48 more

May 04, 2016 7:10:16 PM org.apache.catalina.core.ApplicationContext log
INFO: ContextListener: contextInitialized()
May 04, 2016 7:10:16 PM org.apache.catalina.core.ApplicationContext log
INFO: SessionListener: contextInitialized()
May 04, 2016 7:10:16 PM org.apache.catalina.core.ApplicationContext log
INFO: ContextListener: attributeAdded('org.apache.jasper.compiler.TldLocationsCache', 'org.apache.jasper.compiler.TldLocationsCache@5f2e0038')
May 04, 2016 7:38:06 PM org.apache.catalina.core.ApplicationContext log
INFO: SessionListener: contextDestroyed()
May 04, 2016 7:38:06 PM org.apache.catalina.core.ApplicationContext log
INFO: ContextListener: contextDestroyed()
May 04, 2016 7:38:24 PM org.apache.catalina.core.ApplicationContext log
INFO: ContextListener: contextInitialized()
May 04, 2016 7:38:24 PM org.apache.catalina.core.ApplicationContext log
INFO: SessionListener: contextInitialized()
May 04, 2016 7:38:24 PM org.apache.catalina.core.ApplicationContext log
INFO: ContextListener: attributeAdded('org.apache.jasper.compiler.TldLocationsCache', 'org.apache.jasper.compiler.TldLocationsCache@7779ad44')
May 04, 2016 8:16:18 PM org.apache.catalina.core.StandardContext filterStart
SEVERE: Exception starting filter guiceFilter
com.google.inject.CreationException: Unable to create injector, see the following errors:

1) Cannot create ReviewDb
  while locating com.google.gerrit.server.schema.ReviewDbDatabaseProvider
  at com.google.gerrit.server.schema.DatabaseModule.configure(DatabaseModule.java:31)
  while locating com.google.gwtorm.jdbc.Database<com.google.gerrit.reviewdb.server.ReviewDb>
  at com.google.gerrit.server.schema.DatabaseModule.configure(DatabaseModule.java:29)
  while locating com.google.gwtorm.server.SchemaFactory<com.google.gerrit.reviewdb.server.ReviewDb>

1 error
	at com.google.gerrit.httpd.WebAppInitializer.init(WebAppInitializer.java:167)
	at com.google.gerrit.httpd.WebAppInitializer.getInjector(WebAppInitializer.java:373)
	at com.google.inject.servlet.GuiceServletContextListener.contextInitialized(GuiceServletContextListener.java:47)
	at com.google.gerrit.httpd.WebAppInitializer.init(WebAppInitializer.java:380)
	at org.apache.catalina.core.ApplicationFilterConfig.initFilter(ApplicationFilterConfig.java:279)
	at org.apache.catalina.core.ApplicationFilterConfig.getFilter(ApplicationFilterConfig.java:260)
	at org.apache.catalina.core.ApplicationFilterConfig.<init>(ApplicationFilterConfig.java:105)
	at org.apache.catalina.core.StandardContext.filterStart(StandardContext.java:4908)
	at org.apache.catalina.core.StandardContext.startInternal(StandardContext.java:5602)
	at org.apache.catalina.util.LifecycleBase.start(LifecycleBase.java:147)
	at org.apache.catalina.core.ContainerBase.addChildInternal(ContainerBase.java:899)
	at org.apache.catalina.core.ContainerBase.addChild(ContainerBase.java:875)
	at org.apache.catalina.core.StandardHost.addChild(StandardHost.java:652)
	at org.apache.catalina.startup.HostConfig.deployDirectory(HostConfig.java:1260)
	at org.apache.catalina.startup.HostConfig$DeployDirectory.run(HostConfig.java:2002)
	at java.util.concurrent.Executors$RunnableAdapter.call(Executors.java:471)
	at java.util.concurrent.FutureTask.run(FutureTask.java:262)
	at java.util.concurrent.ThreadPoolExecutor.runWorker(ThreadPoolExecutor.java:1145)
	at java.util.concurrent.ThreadPoolExecutor$Worker.run(ThreadPoolExecutor.java:615)
	at java.lang.Thread.run(Thread.java:745)
Caused by: com.google.gwtorm.server.OrmException: Unable to determine SqlDialect
	at com.google.gwtorm.jdbc.Database.<init>(Database.java:81)
	at com.google.gerrit.server.schema.ReviewDbDatabaseProvider.get(ReviewDbDatabaseProvider.java:39)
	at com.google.gerrit.server.schema.ReviewDbDatabaseProvider.get(ReviewDbDatabaseProvider.java:28)
	at com.google.inject.internal.ProviderInternalFactory.provision(ProviderInternalFactory.java:81)
	at com.google.inject.internal.BoundProviderFactory.provision(BoundProviderFactory.java:72)
	at com.google.inject.internal.ProviderInternalFactory.circularGet(ProviderInternalFactory.java:61)
	at com.google.inject.internal.BoundProviderFactory.get(BoundProviderFactory.java:62)
	at com.google.inject.internal.ProviderToInternalFactoryAdapter$1.call(ProviderToInternalFactoryAdapter.java:46)
	at com.google.inject.internal.InjectorImpl.callInContext(InjectorImpl.java:1103)
	at com.google.inject.internal.ProviderToInternalFactoryAdapter.get(ProviderToInternalFactoryAdapter.java:40)
	at com.google.inject.internal.SingletonScope$1.get(SingletonScope.java:145)
	at com.google.inject.internal.InternalFactoryToProviderAdapter.get(InternalFactoryToProviderAdapter.java:41)
	at com.google.inject.internal.FactoryProxy.get(FactoryProxy.java:56)
	at com.google.inject.internal.ProviderToInternalFactoryAdapter$1.call(ProviderToInternalFactoryAdapter.java:46)
	at com.google.inject.internal.InjectorImpl.callInContext(InjectorImpl.java:1103)
	at com.google.inject.internal.ProviderToInternalFactoryAdapter.get(ProviderToInternalFactoryAdapter.java:40)
	at com.google.inject.internal.SingletonScope$1.get(SingletonScope.java:145)
	at com.google.inject.internal.InternalFactoryToProviderAdapter.get(InternalFactoryToProviderAdapter.java:41)
	at com.google.inject.internal.InternalInjectorCreator$1.call(InternalInjectorCreator.java:205)
	at com.google.inject.internal.InternalInjectorCreator$1.call(InternalInjectorCreator.java:199)
	at com.google.inject.internal.InjectorImpl.callInContext(InjectorImpl.java:1092)
	at com.google.inject.internal.InternalInjectorCreator.loadEagerSingletons(InternalInjectorCreator.java:199)
	at com.google.inject.internal.InternalInjectorCreator.injectDynamically(InternalInjectorCreator.java:180)
	at com.google.inject.internal.InternalInjectorCreator.build(InternalInjectorCreator.java:110)
	at com.google.inject.Guice.createInjector(Guice.java:96)
	at com.google.gerrit.httpd.WebAppInitializer.createDbInjector(WebAppInitializer.java:263)
	at com.google.gerrit.httpd.WebAppInitializer.init(WebAppInitializer.java:150)
	... 19 more
Caused by: org.apache.tomcat.dbcp.dbcp.SQLNestedException: Cannot create JDBC driver of class '' for connect URL 'null'
	at org.apache.tomcat.dbcp.dbcp.BasicDataSource.createConnectionFactory(BasicDataSource.java:1452)
	at org.apache.tomcat.dbcp.dbcp.BasicDataSource.createDataSource(BasicDataSource.java:1371)
	at org.apache.tomcat.dbcp.dbcp.BasicDataSource.getConnection(BasicDataSource.java:1044)
	at com.google.gwtorm.jdbc.Database.<init>(Database.java:74)
	... 45 more
Caused by: java.lang.NullPointerException
	at sun.jdbc.odbc.JdbcOdbcDriver.getProtocol(JdbcOdbcDriver.java:524)
	at sun.jdbc.odbc.JdbcOdbcDriver.knownURL(JdbcOdbcDriver.java:493)
	at sun.jdbc.odbc.JdbcOdbcDriver.acceptsURL(JdbcOdbcDriver.java:307)
	at java.sql.DriverManager.getDriver(DriverManager.java:262)
	at org.apache.tomcat.dbcp.dbcp.BasicDataSource.createConnectionFactory(BasicDataSource.java:1437)
	... 48 more

May 04, 2016 8:16:37 PM org.apache.catalina.core.ApplicationContext log
INFO: SessionListener: contextDestroyed()
May 04, 2016 8:16:37 PM org.apache.catalina.core.ApplicationContext log
INFO: ContextListener: contextDestroyed()
May 04, 2016 8:16:55 PM org.apache.catalina.core.ApplicationContext log
INFO: ContextListener: contextInitialized()
May 04, 2016 8:16:55 PM org.apache.catalina.core.ApplicationContext log
INFO: SessionListener: contextInitialized()
May 04, 2016 8:16:55 PM org.apache.catalina.core.ApplicationContext log
INFO: ContextListener: attributeAdded('org.apache.jasper.compiler.TldLocationsCache', 'org.apache.jasper.compiler.TldLocationsCache@1a89ebe0')
May 04, 2016 8:20:19 PM org.apache.catalina.core.StandardContext filterStart
SEVERE: Exception starting filter guiceFilter
com.google.inject.CreationException: Unable to create injector, see the following errors:

1) Cannot create ReviewDb
  while locating com.google.gerrit.server.schema.ReviewDbDatabaseProvider
  at com.google.gerrit.server.schema.DatabaseModule.configure(DatabaseModule.java:31)
  while locating com.google.gwtorm.jdbc.Database<com.google.gerrit.reviewdb.server.ReviewDb>
  at com.google.gerrit.server.schema.DatabaseModule.configure(DatabaseModule.java:29)
  while locating com.google.gwtorm.server.SchemaFactory<com.google.gerrit.reviewdb.server.ReviewDb>

1 error
	at com.google.gerrit.httpd.WebAppInitializer.init(WebAppInitializer.java:167)
	at com.google.gerrit.httpd.WebAppInitializer.getInjector(WebAppInitializer.java:373)
	at com.google.inject.servlet.GuiceServletContextListener.contextInitialized(GuiceServletContextListener.java:47)
	at com.google.gerrit.httpd.WebAppInitializer.init(WebAppInitializer.java:380)
	at org.apache.catalina.core.ApplicationFilterConfig.initFilter(ApplicationFilterConfig.java:279)
	at org.apache.catalina.core.ApplicationFilterConfig.getFilter(ApplicationFilterConfig.java:260)
	at org.apache.catalina.core.ApplicationFilterConfig.<init>(ApplicationFilterConfig.java:105)
	at org.apache.catalina.core.StandardContext.filterStart(StandardContext.java:4908)
	at org.apache.catalina.core.StandardContext.startInternal(StandardContext.java:5602)
	at org.apache.catalina.util.LifecycleBase.start(LifecycleBase.java:147)
	at org.apache.catalina.core.ContainerBase.addChildInternal(ContainerBase.java:899)
	at org.apache.catalina.core.ContainerBase.addChild(ContainerBase.java:875)
	at org.apache.catalina.core.StandardHost.addChild(StandardHost.java:652)
	at org.apache.catalina.startup.HostConfig.deployWAR(HostConfig.java:1092)
	at org.apache.catalina.startup.HostConfig$DeployWar.run(HostConfig.java:1984)
	at java.util.concurrent.Executors$RunnableAdapter.call(Executors.java:471)
	at java.util.concurrent.FutureTask.run(FutureTask.java:262)
	at java.util.concurrent.ThreadPoolExecutor.runWorker(ThreadPoolExecutor.java:1145)
	at java.util.concurrent.ThreadPoolExecutor$Worker.run(ThreadPoolExecutor.java:615)
	at java.lang.Thread.run(Thread.java:745)
Caused by: com.google.gwtorm.server.OrmException: Unable to determine SqlDialect
	at com.google.gwtorm.jdbc.Database.<init>(Database.java:81)
	at com.google.gerrit.server.schema.ReviewDbDatabaseProvider.get(ReviewDbDatabaseProvider.java:39)
	at com.google.gerrit.server.schema.ReviewDbDatabaseProvider.get(ReviewDbDatabaseProvider.java:28)
	at com.google.inject.internal.ProviderInternalFactory.provision(ProviderInternalFactory.java:81)
	at com.google.inject.internal.BoundProviderFactory.provision(BoundProviderFactory.java:72)
	at com.google.inject.internal.ProviderInternalFactory.circularGet(ProviderInternalFactory.java:61)
	at com.google.inject.internal.BoundProviderFactory.get(BoundProviderFactory.java:62)
	at com.google.inject.internal.ProviderToInternalFactoryAdapter$1.call(ProviderToInternalFactoryAdapter.java:46)
	at com.google.inject.internal.InjectorImpl.callInContext(InjectorImpl.java:1103)
	at com.google.inject.internal.ProviderToInternalFactoryAdapter.get(ProviderToInternalFactoryAdapter.java:40)
	at com.google.inject.internal.SingletonScope$1.get(SingletonScope.java:145)
	at com.google.inject.internal.InternalFactoryToProviderAdapter.get(InternalFactoryToProviderAdapter.java:41)
	at com.google.inject.internal.FactoryProxy.get(FactoryProxy.java:56)
	at com.google.inject.internal.ProviderToInternalFactoryAdapter$1.call(ProviderToInternalFactoryAdapter.java:46)
	at com.google.inject.internal.InjectorImpl.callInContext(InjectorImpl.java:1103)
	at com.google.inject.internal.ProviderToInternalFactoryAdapter.get(ProviderToInternalFactoryAdapter.java:40)
	at com.google.inject.internal.SingletonScope$1.get(SingletonScope.java:145)
	at com.google.inject.internal.InternalFactoryToProviderAdapter.get(InternalFactoryToProviderAdapter.java:41)
	at com.google.inject.internal.InternalInjectorCreator$1.call(InternalInjectorCreator.java:205)
	at com.google.inject.internal.InternalInjectorCreator$1.call(InternalInjectorCreator.java:199)
	at com.google.inject.internal.InjectorImpl.callInContext(InjectorImpl.java:1092)
	at com.google.inject.internal.InternalInjectorCreator.loadEagerSingletons(InternalInjectorCreator.java:199)
	at com.google.inject.internal.InternalInjectorCreator.injectDynamically(InternalInjectorCreator.java:180)
	at com.google.inject.internal.InternalInjectorCreator.build(InternalInjectorCreator.java:110)
	at com.google.inject.Guice.createInjector(Guice.java:96)
	at com.google.gerrit.httpd.WebAppInitializer.createDbInjector(WebAppInitializer.java:263)
	at com.google.gerrit.httpd.WebAppInitializer.init(WebAppInitializer.java:150)
	... 19 more
Caused by: org.apache.tomcat.dbcp.dbcp.SQLNestedException: Cannot create JDBC driver of class '' for connect URL 'null'
	at org.apache.tomcat.dbcp.dbcp.BasicDataSource.createConnectionFactory(BasicDataSource.java:1452)
	at org.apache.tomcat.dbcp.dbcp.BasicDataSource.createDataSource(BasicDataSource.java:1371)
	at org.apache.tomcat.dbcp.dbcp.BasicDataSource.getConnection(BasicDataSource.java:1044)
	at com.google.gwtorm.jdbc.Database.<init>(Database.java:74)
	... 45 more
Caused by: java.lang.NullPointerException
	at sun.jdbc.odbc.JdbcOdbcDriver.getProtocol(JdbcOdbcDriver.java:524)
	at sun.jdbc.odbc.JdbcOdbcDriver.knownURL(JdbcOdbcDriver.java:493)
	at sun.jdbc.odbc.JdbcOdbcDriver.acceptsURL(JdbcOdbcDriver.java:307)
	at java.sql.DriverManager.getDriver(DriverManager.java:262)
	at org.apache.tomcat.dbcp.dbcp.BasicDataSource.createConnectionFactory(BasicDataSource.java:1437)
	... 48 more

May 04, 2016 8:20:58 PM org.apache.catalina.core.ApplicationContext log
INFO: SessionListener: contextDestroyed()
May 04, 2016 8:20:58 PM org.apache.catalina.core.ApplicationContext log
INFO: ContextListener: contextDestroyed()
May 04, 2016 8:21:12 PM org.apache.catalina.core.ApplicationContext log
INFO: ContextListener: contextInitialized()
May 04, 2016 8:21:12 PM org.apache.catalina.core.ApplicationContext log
INFO: SessionListener: contextInitialized()
May 04, 2016 8:21:12 PM org.apache.catalina.core.ApplicationContext log
INFO: ContextListener: attributeAdded('org.apache.jasper.compiler.TldLocationsCache', 'org.apache.jasper.compiler.TldLocationsCache@6a59828c')
May 04, 2016 8:24:39 PM org.apache.catalina.core.ApplicationContext log
INFO: SessionListener: contextDestroyed()
May 04, 2016 8:24:39 PM org.apache.catalina.core.ApplicationContext log
INFO: ContextListener: contextDestroyed()
May 04, 2016 8:24:55 PM org.apache.catalina.core.ApplicationContext log
INFO: ContextListener: contextInitialized()
May 04, 2016 8:24:55 PM org.apache.catalina.core.ApplicationContext log
INFO: SessionListener: contextInitialized()
May 04, 2016 8:24:55 PM org.apache.catalina.core.ApplicationContext log
INFO: ContextListener: attributeAdded('org.apache.jasper.compiler.TldLocationsCache', 'org.apache.jasper.compiler.TldLocationsCache@54dcccbc')
May 04, 2016 8:25:59 PM org.apache.catalina.core.ApplicationContext log
INFO: SessionListener: contextDestroyed()
May 04, 2016 8:25:59 PM org.apache.catalina.core.ApplicationContext log
INFO: ContextListener: contextDestroyed()
