May 05, 2016 1:12:26 PM org.apache.catalina.core.ApplicationContext log
INFO: HTMLManager: init: Associated with Deployer 'Catalina:type=Deployer,host=localhost'
May 05, 2016 1:12:26 PM org.apache.catalina.core.ApplicationContext log
INFO: HTMLManager: init: Global resources are available
May 05, 2016 1:12:26 PM org.apache.catalina.core.ApplicationContext log
INFO: HTMLManager: list: Listing contexts for virtual host 'localhost'
May 05, 2016 1:13:53 PM org.apache.catalina.core.ApplicationContext log
INFO: HTMLManager: list: Listing contexts for virtual host 'localhost'
May 05, 2016 1:14:21 PM org.apache.catalina.core.ApplicationContext log
INFO: HTMLManager: install: Installing web application '/' from 'C:\Software\apache-tomcat-7.0.69\webapps'
May 05, 2016 1:14:21 PM org.apache.catalina.core.ApplicationContext log
INFO: HTMLManager: list: Listing contexts for virtual host 'localhost'
May 05, 2016 1:15:07 PM org.apache.catalina.core.ApplicationContext log
INFO: HTMLManager: list: Listing contexts for virtual host 'localhost'
May 05, 2016 1:15:52 PM org.apache.catalina.core.ApplicationContext log
INFO: HTMLManager: list: Listing contexts for virtual host 'localhost'
May 05, 2016 1:16:04 PM org.apache.catalina.core.ApplicationContext log
INFO: HTMLManager: start: Starting web application '/gerrit'
May 05, 2016 1:16:09 PM org.apache.catalina.core.ApplicationContext log
INFO: HTMLManager: list: Listing contexts for virtual host 'localhost'
May 05, 2016 2:06:17 PM org.apache.catalina.core.ApplicationContext log
INFO: HTMLManager: init: Associated with Deployer 'Catalina:type=Deployer,host=localhost'
May 05, 2016 2:06:17 PM org.apache.catalina.core.ApplicationContext log
INFO: HTMLManager: init: Global resources are available
May 05, 2016 2:06:29 PM org.apache.catalina.core.ApplicationContext log
INFO: HTMLManager: list: Listing contexts for virtual host 'localhost'
May 05, 2016 2:06:33 PM org.apache.catalina.core.ApplicationContext log
INFO: HTMLManager: start: Starting web application '/gerrit'
May 05, 2016 2:06:40 PM org.apache.catalina.core.ApplicationContext log
INFO: HTMLManager: list: Listing contexts for virtual host 'localhost'
May 05, 2016 2:19:37 PM org.apache.catalina.core.ApplicationContext log
INFO: HTMLManager: init: Associated with Deployer 'Catalina:type=Deployer,host=localhost'
May 05, 2016 2:19:37 PM org.apache.catalina.core.ApplicationContext log
INFO: HTMLManager: init: Global resources are available
May 05, 2016 2:19:37 PM org.apache.catalina.core.ApplicationContext log
INFO: HTMLManager: list: Listing contexts for virtual host 'localhost'
May 05, 2016 3:29:11 PM org.apache.catalina.core.ApplicationContext log
INFO: HTMLManager: init: Associated with Deployer 'Catalina:type=Deployer,host=localhost'
May 05, 2016 3:29:11 PM org.apache.catalina.core.ApplicationContext log
INFO: HTMLManager: init: Global resources are available
May 05, 2016 3:29:11 PM org.apache.catalina.core.ApplicationContext log
INFO: HTMLManager: list: Listing contexts for virtual host 'localhost'
May 05, 2016 3:29:18 PM org.apache.catalina.core.ApplicationContext log
INFO: HTMLManager: start: Starting web application '/gerrit'
May 05, 2016 3:29:23 PM org.apache.catalina.core.ApplicationContext log
INFO: HTMLManager: list: Listing contexts for virtual host 'localhost'
May 05, 2016 7:51:08 PM org.apache.catalina.core.ApplicationContext log
INFO: HTMLManager: init: Associated with Deployer 'Catalina:type=Deployer,host=localhost'
May 05, 2016 7:51:08 PM org.apache.catalina.core.ApplicationContext log
INFO: HTMLManager: init: Global resources are available
May 05, 2016 7:51:08 PM org.apache.catalina.core.ApplicationContext log
INFO: HTMLManager: list: Listing contexts for virtual host 'localhost'
May 05, 2016 7:51:15 PM org.apache.catalina.core.ApplicationContext log
INFO: HTMLManager: start: Starting web application '/gerrit'
May 05, 2016 7:51:22 PM org.apache.catalina.core.ApplicationContext log
INFO: HTMLManager: list: Listing contexts for virtual host 'localhost'
